#
# A fatal error has been detected by the Java Runtime Environment:
#
#  EXCEPTION_ACCESS_VIOLATION (0xc0000005) at pc=0x00000000726858a5, pid=2868, tid=0x000000000000211c
#
# JRE version: Java(TM) SE Runtime Environment (8.0_152-b16) (build 1.8.0_152-b16)
# Java VM: Java HotSpot(TM) 64-Bit Server VM (25.152-b16 mixed mode windows-amd64 compressed oops)
# Problematic frame:
# V  [jvm.dll+0x1258a5]
#
# Failed to write core dump. Minidumps are not enabled by default on client versions of Windows
#
# If you would like to submit a bug report, please visit:
#   http://bugreport.java.com/bugreport/crash.jsp
#

---------------  T H R E A D  ---------------

Current thread (0x0000000000ebe000):  JavaThread "main" [_thread_in_vm, id=8476, stack(0x0000000002ca0000,0x0000000002da0000)]

siginfo: ExceptionCode=0xc0000005, reading address 0x0000000000000008

Registers:
RAX=0x0000b0b4243c69c5, RBX=0x0000000000ebeea8, RCX=0x0000000000000000, RDX=0x00000000df3bfc20
RSP=0x0000000002d9e310, RBP=0x0000000000ebea50, RSI=0x0000000000ebe000, RDI=0x0000000000ebdb40
R8 =0x0000000000000004, R9 =0x0000000000000000, R10=0x000000000000000c, R11=0x00000000df37dd98
R12=0x0000000000000000, R13=0x000000000000002a, R14=0x0000000000000000, R15=0x0000000000000000
RIP=0x00000000726858a5, EFLAGS=0x0000000000010206

Top of Stack: (sp=0x0000000002d9e310)
0x0000000002d9e310:   0000000100010018 000000000000000c
0x0000000002d9e320:   000001f200000035 0000000000ebe000
0x0000000002d9e330:   0000000000ebe000 000000007266deec
0x0000000002d9e340:   0000000100010018 0000000000000001
0x0000000002d9e350:   00000000df3bfc20 0000b0b4243c69c5
0x0000000002d9e360:   0000000000ebeea8 00000000725d10f1
0x0000000002d9e370:   0000000100010018 0000000000000000
0x0000000002d9e380:   0000000000ebe000 00000000000000cd
0x0000000002d9e390:   00000000000003d8 0000000000ebea60
0x0000000002d9e3a0:   0000000000ebee38 0000000000ebe000
0x0000000002d9e3b0:   0000000000ebe000 0000000000000000
0x0000000002d9e3c0:   00000000000000cd 000000000000001a
0x0000000002d9e3d0:   0000000000000248 0000000002d9e558
0x0000000002d9e3e0:   000000000000002a 00000000725d18d2
0x0000000002d9e3f0:   0000000000ebeea0 0000000000000000
0x0000000002d9e400:   000000001967c610 00000000000000cd 

Instructions: (pc=0x00000000726858a5)
0x0000000072685885:   00 00 48 8b 00 c3 cc cc cc cc cc 40 53 48 83 ec
0x0000000072685895:   50 48 8b 05 23 9c 6c 00 48 33 c4 48 89 44 24 48
0x00000000726858a5:   83 79 08 00 48 8b d9 0f 8e b9 00 00 00 0f b6 81
0x00000000726858b5:   0e 01 00 00 c0 e8 03 a8 01 0f 84 a7 00 00 00 48 


Register to memory mapping:

RAX=0x0000b0b4243c69c5 is an unknown value
RBX=0x0000000000ebeea8 is an unknown value
RCX=0x0000000000000000 is an unknown value
RDX=
[error occurred during error reporting (printing register info), id 0xc0000005]

Stack: [0x0000000002ca0000,0x0000000002da0000],  sp=0x0000000002d9e310,  free space=1016k
Native frames: (J=compiled Java code, j=interpreted, Vv=VM code, C=native code)
V  [jvm.dll+0x1258a5]
V  [jvm.dll+0x710f1]
V  [jvm.dll+0x718d2]
V  [jvm.dll+0x17cdb9]
C  0x0000000002eb8014

Java frames: (J=compiled Java code, j=interpreted, Vv=VM code)
j  java.lang.Throwable.getStackTraceElement(I)Ljava/lang/StackTraceElement;+0
j  java.lang.Throwable.getOurStackTrace()[Ljava/lang/StackTraceElement;+51
j  java.lang.Throwable.printStackTrace(Ljava/lang/Throwable$PrintStreamOrWriter;)V+32
j  java.lang.Throwable.printStackTrace(Ljava/io/PrintStream;)V+9
j  java.lang.Throwable.printStackTrace()V+4
j  org.eclipse.core.runtime.adaptor.EclipseStarter.run([Ljava/lang/String;Ljava/lang/Runnable;)Ljava/lang/Object;+283
v  ~StubRoutines::call_stub
j  sun.reflect.NativeMethodAccessorImpl.invoke0(Ljava/lang/reflect/Method;Ljava/lang/Object;[Ljava/lang/Object;)Ljava/lang/Object;+0
j  sun.reflect.NativeMethodAccessorImpl.invoke(Ljava/lang/Object;[Ljava/lang/Object;)Ljava/lang/Object;+100
j  sun.reflect.DelegatingMethodAccessorImpl.invoke(Ljava/lang/Object;[Ljava/lang/Object;)Ljava/lang/Object;+6
j  java.lang.reflect.Method.invoke(Ljava/lang/Object;[Ljava/lang/Object;)Ljava/lang/Object;+56
j  org.eclipse.equinox.launcher.Main.invokeFramework([Ljava/lang/String;[Ljava/net/URL;)V+205
j  org.eclipse.equinox.launcher.Main.basicRun([Ljava/lang/String;)V+160
j  org.eclipse.equinox.launcher.Main.run([Ljava/lang/String;)I+4
j  org.eclipse.equinox.launcher.Main.main([Ljava/lang/String;)V+10
v  ~StubRoutines::call_stub

---------------  P R O C E S S  ---------------

Java Threads: ( => current thread )
  0x000000001a990800 JavaThread "Service Thread" daemon [_thread_blocked, id=4388, stack(0x000000001b160000,0x000000001b260000)]
  0x0000000019551000 JavaThread "C1 CompilerThread3" daemon [_thread_blocked, id=12828, stack(0x000000001a860000,0x000000001a960000)]
  0x0000000019550000 JavaThread "C2 CompilerThread2" daemon [_thread_blocked, id=9760, stack(0x000000001a760000,0x000000001a860000)]
  0x000000001954c000 JavaThread "C2 CompilerThread1" daemon [_thread_blocked, id=10548, stack(0x000000001a660000,0x000000001a760000)]
  0x000000001954b000 JavaThread "C2 CompilerThread0" daemon [_thread_blocked, id=6152, stack(0x000000001a560000,0x000000001a660000)]
  0x0000000019548000 JavaThread "Attach Listener" daemon [_thread_blocked, id=12440, stack(0x000000001a360000,0x000000001a460000)]
  0x0000000019535000 JavaThread "Signal Dispatcher" daemon [_thread_blocked, id=568, stack(0x000000001a260000,0x000000001a360000)]
  0x0000000019534800 JavaThread "Surrogate Locker Thread (Concurrent GC)" daemon [_thread_blocked, id=10876, stack(0x000000001a160000,0x000000001a260000)]
  0x00000000194be000 JavaThread "Finalizer" daemon [_thread_blocked, id=3836, stack(0x000000001a060000,0x000000001a160000)]
  0x00000000194b6000 JavaThread "Reference Handler" daemon [_thread_blocked, id=8632, stack(0x0000000019f60000,0x000000001a060000)]
=>0x0000000000ebe000 JavaThread "main" [_thread_in_vm, id=8476, stack(0x0000000002ca0000,0x0000000002da0000)]

Other Threads:
  0x00000000194b3000 VMThread [stack: 0x0000000019e60000,0x0000000019f60000] [id=7804]
  0x000000001a994800 WatcherThread [stack: 0x000000001b260000,0x000000001b360000] [id=9976]

VM state:not at safepoint (normal execution)

VM Mutex/Monitor currently owned by a thread: None

Heap:
 garbage-first heap   total 524288K, used 12288K [0x00000000c0000000, 0x00000000c0101000, 0x0000000100000000)
  region size 1024K, 13 young (13312K), 0 survivors (0K)
 Metaspace       used 6278K, capacity 6404K, committed 6656K, reserved 1056768K
  class space    used 663K, capacity 695K, committed 768K, reserved 1048576K

Heap Regions: (Y=young(eden), SU=young(survivor), HS=humongous(starts), HC=humongous(continues), CS=collection set, F=free, TS=gc time stamp, PTAMS=previous top-at-mark-start, NTAMS=next top-at-mark-start)
AC   0  F    TS     0 PTAMS 0x00000000c0000000 NTAMS 0x00000000c0000000 space 1024K,   0% used [0x00000000c0000000, 0x00000000c0100000)
AC   0  F    TS     0 PTAMS 0x00000000c0100000 NTAMS 0x00000000c0100000 space 1024K,   0% used [0x00000000c0100000, 0x00000000c0200000)
AC   0  F    TS     0 PTAMS 0x00000000c0200000 NTAMS 0x00000000c0200000 space 1024K,   0% used [0x00000000c0200000, 0x00000000c0300000)
AC   0  F    TS     0 PTAMS 0x00000000c0300000 NTAMS 0x00000000c0300000 space 1024K,   0% used [0x00000000c0300000, 0x00000000c0400000)
AC   0  F    TS     0 PTAMS 0x00000000c0400000 NTAMS 0x00000000c0400000 space 1024K,   0% used [0x00000000c0400000, 0x00000000c0500000)
AC   0  F    TS     0 PTAMS 0x00000000c0500000 NTAMS 0x00000000c0500000 space 1024K,   0% used [0x00000000c0500000, 0x00000000c0600000)
AC   0  F    TS     0 PTAMS 0x00000000c0600000 NTAMS 0x00000000c0600000 space 1024K,   0% used [0x00000000c0600000, 0x00000000c0700000)
AC   0  F    TS     0 PTAMS 0x00000000c0700000 NTAMS 0x00000000c0700000 space 1024K,   0% used [0x00000000c0700000, 0x00000000c0800000)
AC   0  F    TS     0 PTAMS 0x00000000c0800000 NTAMS 0x00000000c0800000 space 1024K,   0% used [0x00000000c0800000, 0x00000000c0900000)
AC   0  F    TS     0 PTAMS 0x00000000c0900000 NTAMS 0x00000000c0900000 space 1024K,   0% used [0x00000000c0900000, 0x00000000c0a00000)
AC   0  F    TS     0 PTAMS 0x00000000c0a00000 NTAMS 0x00000000c0a00000 space 1024K,   0% used [0x00000000c0a00000, 0x00000000c0b00000)
AC   0  F    TS     0 PTAMS 0x00000000c0b00000 NTAMS 0x00000000c0b00000 space 1024K,   0% used [0x00000000c0b00000, 0x00000000c0c00000)
AC   0  F    TS     0 PTAMS 0x00000000c0c00000 NTAMS 0x00000000c0c00000 space 1024K,   0% used [0x00000000c0c00000, 0x00000000c0d00000)
AC   0  F    TS     0 PTAMS 0x00000000c0d00000 NTAMS 0x00000000c0d00000 space 1024K,   0% used [0x00000000c0d00000, 0x00000000c0e00000)
AC   0  F    TS     0 PTAMS 0x00000000c0e00000 NTAMS 0x00000000c0e00000 space 1024K,   0% used [0x00000000c0e00000, 0x00000000c0f00000)
AC   0  F    TS     0 PTAMS 0x00000000c0f00000 NTAMS 0x00000000c0f00000 space 1024K,   0% used [0x00000000c0f00000, 0x00000000c1000000)
AC   0  F    TS     0 PTAMS 0x00000000c1000000 NTAMS 0x00000000c1000000 space 1024K,   0% used [0x00000000c1000000, 0x00000000c1100000)
AC   0  F    TS     0 PTAMS 0x00000000c1100000 NTAMS 0x00000000c1100000 space 1024K,   0% used [0x00000000c1100000, 0x00000000c1200000)
AC   0  F    TS     0 PTAMS 0x00000000c1200000 NTAMS 0x00000000c1200000 space 1024K,   0% used [0x00000000c1200000, 0x00000000c1300000)
AC   0  F    TS     0 PTAMS 0x00000000c1300000 NTAMS 0x00000000c1300000 space 1024K,   0% used [0x00000000c1300000, 0x00000000c1400000)
AC   0  F    TS     0 PTAMS 0x00000000c1400000 NTAMS 0x00000000c1400000 space 1024K,   0% used [0x00000000c1400000, 0x00000000c1500000)
AC   0  F    TS     0 PTAMS 0x00000000c1500000 NTAMS 0x00000000c1500000 space 1024K,   0% used [0x00000000c1500000, 0x00000000c1600000)
AC   0  F    TS     0 PTAMS 0x00000000c1600000 NTAMS 0x00000000c1600000 space 1024K,   0% used [0x00000000c1600000, 0x00000000c1700000)
AC   0  F    TS     0 PTAMS 0x00000000c1700000 NTAMS 0x00000000c1700000 space 1024K,   0% used [0x00000000c1700000, 0x00000000c1800000)
AC   0  F    TS     0 PTAMS 0x00000000c1800000 NTAMS 0x00000000c1800000 space 1024K,   0% used [0x00000000c1800000, 0x00000000c1900000)
AC   0  F    TS     0 PTAMS 0x00000000c1900000 NTAMS 0x00000000c1900000 space 1024K,   0% used [0x00000000c1900000, 0x00000000c1a00000)
AC   0  F    TS     0 PTAMS 0x00000000c1a00000 NTAMS 0x00000000c1a00000 space 1024K,   0% used [0x00000000c1a00000, 0x00000000c1b00000)
AC   0  F    TS     0 PTAMS 0x00000000c1b00000 NTAMS 0x00000000c1b00000 space 1024K,   0% used [0x00000000c1b00000, 0x00000000c1c00000)
AC   0  F    TS     0 PTAMS 0x00000000c1c00000 NTAMS 0x00000000c1c00000 space 1024K,   0% used [0x00000000c1c00000, 0x00000000c1d00000)
AC   0  F    TS     0 PTAMS 0x00000000c1d00000 NTAMS 0x00000000c1d00000 space 1024K,   0% used [0x00000000c1d00000, 0x00000000c1e00000)
AC   0  F    TS     0 PTAMS 0x00000000c1e00000 NTAMS 0x00000000c1e00000 space 1024K,   0% used [0x00000000c1e00000, 0x00000000c1f00000)
AC   0  F    TS     0 PTAMS 0x00000000c1f00000 NTAMS 0x00000000c1f00000 space 1024K,   0% used [0x00000000c1f00000, 0x00000000c2000000)
AC   0  F    TS     0 PTAMS 0x00000000c2000000 NTAMS 0x00000000c2000000 space 1024K,   0% used [0x00000000c2000000, 0x00000000c2100000)
AC   0  F    TS     0 PTAMS 0x00000000c2100000 NTAMS 0x00000000c2100000 space 1024K,   0% used [0x00000000c2100000, 0x00000000c2200000)
AC   0  F    TS     0 PTAMS 0x00000000c2200000 NTAMS 0x00000000c2200000 space 1024K,   0% used [0x00000000c2200000, 0x00000000c2300000)
AC   0  F    TS     0 PTAMS 0x00000000c2300000 NTAMS 0x00000000c2300000 space 1024K,   0% used [0x00000000c2300000, 0x00000000c2400000)
AC   0  F    TS     0 PTAMS 0x00000000c2400000 NTAMS 0x00000000c2400000 space 1024K,   0% used [0x00000000c2400000, 0x00000000c2500000)
AC   0  F    TS     0 PTAMS 0x00000000c2500000 NTAMS 0x00000000c2500000 space 1024K,   0% used [0x00000000c2500000, 0x00000000c2600000)
AC   0  F    TS     0 PTAMS 0x00000000c2600000 NTAMS 0x00000000c2600000 space 1024K,   0% used [0x00000000c2600000, 0x00000000c2700000)
AC   0  F    TS     0 PTAMS 0x00000000c2700000 NTAMS 0x00000000c2700000 space 1024K,   0% used [0x00000000c2700000, 0x00000000c2800000)
AC   0  F    TS     0 PTAMS 0x00000000c2800000 NTAMS 0x00000000c2800000 space 1024K,   0% used [0x00000000c2800000, 0x00000000c2900000)
AC   0  F    TS     0 PTAMS 0x00000000c2900000 NTAMS 0x00000000c2900000 space 1024K,   0% used [0x00000000c2900000, 0x00000000c2a00000)
AC   0  F    TS     0 PTAMS 0x00000000c2a00000 NTAMS 0x00000000c2a00000 space 1024K,   0% used [0x00000000c2a00000, 0x00000000c2b00000)
AC   0  F    TS     0 PTAMS 0x00000000c2b00000 NTAMS 0x00000000c2b00000 space 1024K,   0% used [0x00000000c2b00000, 0x00000000c2c00000)
AC   0  F    TS     0 PTAMS 0x00000000c2c00000 NTAMS 0x00000000c2c00000 space 1024K,   0% used [0x00000000c2c00000, 0x00000000c2d00000)
AC   0  F    TS     0 PTAMS 0x00000000c2d00000 NTAMS 0x00000000c2d00000 space 1024K,   0% used [0x00000000c2d00000, 0x00000000c2e00000)
AC   0  F    TS     0 PTAMS 0x00000000c2e00000 NTAMS 0x00000000c2e00000 space 1024K,   0% used [0x00000000c2e00000, 0x00000000c2f00000)
AC   0  F    TS     0 PTAMS 0x00000000c2f00000 NTAMS 0x00000000c2f00000 space 1024K,   0% used [0x00000000c2f00000, 0x00000000c3000000)
AC   0  F    TS     0 PTAMS 0x00000000c3000000 NTAMS 0x00000000c3000000 space 1024K,   0% used [0x00000000c3000000, 0x00000000c3100000)
AC   0  F    TS     0 PTAMS 0x00000000c3100000 NTAMS 0x00000000c3100000 space 1024K,   0% used [0x00000000c3100000, 0x00000000c3200000)
AC   0  F    TS     0 PTAMS 0x00000000c3200000 NTAMS 0x00000000c3200000 space 1024K,   0% used [0x00000000c3200000, 0x00000000c3300000)
AC   0  F    TS     0 PTAMS 0x00000000c3300000 NTAMS 0x00000000c3300000 space 1024K,   0% used [0x00000000c3300000, 0x00000000c3400000)
AC   0  F    TS     0 PTAMS 0x00000000c3400000 NTAMS 0x00000000c3400000 space 1024K,   0% used [0x00000000c3400000, 0x00000000c3500000)
AC   0  F    TS     0 PTAMS 0x00000000c3500000 NTAMS 0x00000000c3500000 space 1024K,   0% used [0x00000000c3500000, 0x00000000c3600000)
AC   0  F    TS     0 PTAMS 0x00000000c3600000 NTAMS 0x00000000c3600000 space 1024K,   0% used [0x00000000c3600000, 0x00000000c3700000)
AC   0  F    TS     0 PTAMS 0x00000000c3700000 NTAMS 0x00000000c3700000 space 1024K,   0% used [0x00000000c3700000, 0x00000000c3800000)
AC   0  F    TS     0 PTAMS 0x00000000c3800000 NTAMS 0x00000000c3800000 space 1024K,   0% used [0x00000000c3800000, 0x00000000c3900000)
AC   0  F    TS     0 PTAMS 0x00000000c3900000 NTAMS 0x00000000c3900000 space 1024K,   0% used [0x00000000c3900000, 0x00000000c3a00000)
AC   0  F    TS     0 PTAMS 0x00000000c3a00000 NTAMS 0x00000000c3a00000 space 1024K,   0% used [0x00000000c3a00000, 0x00000000c3b00000)
AC   0  F    TS     0 PTAMS 0x00000000c3b00000 NTAMS 0x00000000c3b00000 space 1024K,   0% used [0x00000000c3b00000, 0x00000000c3c00000)
AC   0  F    TS     0 PTAMS 0x00000000c3c00000 NTAMS 0x00000000c3c00000 space 1024K,   0% used [0x00000000c3c00000, 0x00000000c3d00000)
AC   0  F    TS     0 PTAMS 0x00000000c3d00000 NTAMS 0x00000000c3d00000 space 1024K,   0% used [0x00000000c3d00000, 0x00000000c3e00000)
AC   0  F    TS     0 PTAMS 0x00000000c3e00000 NTAMS 0x00000000c3e00000 space 1024K,   0% used [0x00000000c3e00000, 0x00000000c3f00000)
AC   0  F    TS     0 PTAMS 0x00000000c3f00000 NTAMS 0x00000000c3f00000 space 1024K,   0% used [0x00000000c3f00000, 0x00000000c4000000)
AC   0  F    TS     0 PTAMS 0x00000000c4000000 NTAMS 0x00000000c4000000 space 1024K,   0% used [0x00000000c4000000, 0x00000000c4100000)
AC   0  F    TS     0 PTAMS 0x00000000c4100000 NTAMS 0x00000000c4100000 space 1024K,   0% used [0x00000000c4100000, 0x00000000c4200000)
AC   0  F    TS     0 PTAMS 0x00000000c4200000 NTAMS 0x00000000c4200000 space 1024K,   0% used [0x00000000c4200000, 0x00000000c4300000)
AC   0  F    TS     0 PTAMS 0x00000000c4300000 NTAMS 0x00000000c4300000 space 1024K,   0% used [0x00000000c4300000, 0x00000000c4400000)
AC   0  F    TS     0 PTAMS 0x00000000c4400000 NTAMS 0x00000000c4400000 space 1024K,   0% used [0x00000000c4400000, 0x00000000c4500000)
AC   0  F    TS     0 PTAMS 0x00000000c4500000 NTAMS 0x00000000c4500000 space 1024K,   0% used [0x00000000c4500000, 0x00000000c4600000)
AC   0  F    TS     0 PTAMS 0x00000000c4600000 NTAMS 0x00000000c4600000 space 1024K,   0% used [0x00000000c4600000, 0x00000000c4700000)
AC   0  F    TS     0 PTAMS 0x00000000c4700000 NTAMS 0x00000000c4700000 space 1024K,   0% used [0x00000000c4700000, 0x00000000c4800000)
AC   0  F    TS     0 PTAMS 0x00000000c4800000 NTAMS 0x00000000c4800000 space 1024K,   0% used [0x00000000c4800000, 0x00000000c4900000)
AC   0  F    TS     0 PTAMS 0x00000000c4900000 NTAMS 0x00000000c4900000 space 1024K,   0% used [0x00000000c4900000, 0x00000000c4a00000)
AC   0  F    TS     0 PTAMS 0x00000000c4a00000 NTAMS 0x00000000c4a00000 space 1024K,   0% used [0x00000000c4a00000, 0x00000000c4b00000)
AC   0  F    TS     0 PTAMS 0x00000000c4b00000 NTAMS 0x00000000c4b00000 space 1024K,   0% used [0x00000000c4b00000, 0x00000000c4c00000)
AC   0  F    TS     0 PTAMS 0x00000000c4c00000 NTAMS 0x00000000c4c00000 space 1024K,   0% used [0x00000000c4c00000, 0x00000000c4d00000)
AC   0  F    TS     0 PTAMS 0x00000000c4d00000 NTAMS 0x00000000c4d00000 space 1024K,   0% used [0x00000000c4d00000, 0x00000000c4e00000)
AC   0  F    TS     0 PTAMS 0x00000000c4e00000 NTAMS 0x00000000c4e00000 space 1024K,   0% used [0x00000000c4e00000, 0x00000000c4f00000)
AC   0  F    TS     0 PTAMS 0x00000000c4f00000 NTAMS 0x00000000c4f00000 space 1024K,   0% used [0x00000000c4f00000, 0x00000000c5000000)
AC   0  F    TS     0 PTAMS 0x00000000c5000000 NTAMS 0x00000000c5000000 space 1024K,   0% used [0x00000000c5000000, 0x00000000c5100000)
AC   0  F    TS     0 PTAMS 0x00000000c5100000 NTAMS 0x00000000c5100000 space 1024K,   0% used [0x00000000c5100000, 0x00000000c5200000)
AC   0  F    TS     0 PTAMS 0x00000000c5200000 NTAMS 0x00000000c5200000 space 1024K,   0% used [0x00000000c5200000, 0x00000000c5300000)
AC   0  F    TS     0 PTAMS 0x00000000c5300000 NTAMS 0x00000000c5300000 space 1024K,   0% used [0x00000000c5300000, 0x00000000c5400000)
AC   0  F    TS     0 PTAMS 0x00000000c5400000 NTAMS 0x00000000c5400000 space 1024K,   0% used [0x00000000c5400000, 0x00000000c5500000)
AC   0  F    TS     0 PTAMS 0x00000000c5500000 NTAMS 0x00000000c5500000 space 1024K,   0% used [0x00000000c5500000, 0x00000000c5600000)
AC   0  F    TS     0 PTAMS 0x00000000c5600000 NTAMS 0x00000000c5600000 space 1024K,   0% used [0x00000000c5600000, 0x00000000c5700000)
AC   0  F    TS     0 PTAMS 0x00000000c5700000 NTAMS 0x00000000c5700000 space 1024K,   0% used [0x00000000c5700000, 0x00000000c5800000)
AC   0  F    TS     0 PTAMS 0x00000000c5800000 NTAMS 0x00000000c5800000 space 1024K,   0% used [0x00000000c5800000, 0x00000000c5900000)
AC   0  F    TS     0 PTAMS 0x00000000c5900000 NTAMS 0x00000000c5900000 space 1024K,   0% used [0x00000000c5900000, 0x00000000c5a00000)
AC   0  F    TS     0 PTAMS 0x00000000c5a00000 NTAMS 0x00000000c5a00000 space 1024K,   0% used [0x00000000c5a00000, 0x00000000c5b00000)
AC   0  F    TS     0 PTAMS 0x00000000c5b00000 NTAMS 0x00000000c5b00000 space 1024K,   0% used [0x00000000c5b00000, 0x00000000c5c00000)
AC   0  F    TS     0 PTAMS 0x00000000c5c00000 NTAMS 0x00000000c5c00000 space 1024K,   0% used [0x00000000c5c00000, 0x00000000c5d00000)
AC   0  F    TS     0 PTAMS 0x00000000c5d00000 NTAMS 0x00000000c5d00000 space 1024K,   0% used [0x00000000c5d00000, 0x00000000c5e00000)
AC   0  F    TS     0 PTAMS 0x00000000c5e00000 NTAMS 0x00000000c5e00000 space 1024K,   0% used [0x00000000c5e00000, 0x00000000c5f00000)
AC   0  F    TS     0 PTAMS 0x00000000c5f00000 NTAMS 0x00000000c5f00000 space 1024K,   0% used [0x00000000c5f00000, 0x00000000c6000000)
AC   0  F    TS     0 PTAMS 0x00000000c6000000 NTAMS 0x00000000c6000000 space 1024K,   0% used [0x00000000c6000000, 0x00000000c6100000)
AC   0  F    TS     0 PTAMS 0x00000000c6100000 NTAMS 0x00000000c6100000 space 1024K,   0% used [0x00000000c6100000, 0x00000000c6200000)
AC   0  F    TS     0 PTAMS 0x00000000c6200000 NTAMS 0x00000000c6200000 space 1024K,   0% used [0x00000000c6200000, 0x00000000c6300000)
AC   0  F    TS     0 PTAMS 0x00000000c6300000 NTAMS 0x00000000c6300000 space 1024K,   0% used [0x00000000c6300000, 0x00000000c6400000)
AC   0  F    TS     0 PTAMS 0x00000000c6400000 NTAMS 0x00000000c6400000 space 1024K,   0% used [0x00000000c6400000, 0x00000000c6500000)
AC   0  F    TS     0 PTAMS 0x00000000c6500000 NTAMS 0x00000000c6500000 space 1024K,   0% used [0x00000000c6500000, 0x00000000c6600000)
AC   0  F    TS     0 PTAMS 0x00000000c6600000 NTAMS 0x00000000c6600000 space 1024K,   0% used [0x00000000c6600000, 0x00000000c6700000)
AC   0  F    TS     0 PTAMS 0x00000000c6700000 NTAMS 0x00000000c6700000 space 1024K,   0% used [0x00000000c6700000, 0x00000000c6800000)
AC   0  F    TS     0 PTAMS 0x00000000c6800000 NTAMS 0x00000000c6800000 space 1024K,   0% used [0x00000000c6800000, 0x00000000c6900000)
AC   0  F    TS     0 PTAMS 0x00000000c6900000 NTAMS 0x00000000c6900000 space 1024K,   0% used [0x00000000c6900000, 0x00000000c6a00000)
AC   0  F    TS     0 PTAMS 0x00000000c6a00000 NTAMS 0x00000000c6a00000 space 1024K,   0% used [0x00000000c6a00000, 0x00000000c6b00000)
AC   0  F    TS     0 PTAMS 0x00000000c6b00000 NTAMS 0x00000000c6b00000 space 1024K,   0% used [0x00000000c6b00000, 0x00000000c6c00000)
AC   0  F    TS     0 PTAMS 0x00000000c6c00000 NTAMS 0x00000000c6c00000 space 1024K,   0% used [0x00000000c6c00000, 0x00000000c6d00000)
AC   0  F    TS     0 PTAMS 0x00000000c6d00000 NTAMS 0x00000000c6d00000 space 1024K,   0% used [0x00000000c6d00000, 0x00000000c6e00000)
AC   0  F    TS     0 PTAMS 0x00000000c6e00000 NTAMS 0x00000000c6e00000 space 1024K,   0% used [0x00000000c6e00000, 0x00000000c6f00000)
AC   0  F    TS     0 PTAMS 0x00000000c6f00000 NTAMS 0x00000000c6f00000 space 1024K,   0% used [0x00000000c6f00000, 0x00000000c7000000)
AC   0  F    TS     0 PTAMS 0x00000000c7000000 NTAMS 0x00000000c7000000 space 1024K,   0% used [0x00000000c7000000, 0x00000000c7100000)
AC   0  F    TS     0 PTAMS 0x00000000c7100000 NTAMS 0x00000000c7100000 space 1024K,   0% used [0x00000000c7100000, 0x00000000c7200000)
AC   0  F    TS     0 PTAMS 0x00000000c7200000 NTAMS 0x00000000c7200000 space 1024K,   0% used [0x00000000c7200000, 0x00000000c7300000)
AC   0  F    TS     0 PTAMS 0x00000000c7300000 NTAMS 0x00000000c7300000 space 1024K,   0% used [0x00000000c7300000, 0x00000000c7400000)
AC   0  F    TS     0 PTAMS 0x00000000c7400000 NTAMS 0x00000000c7400000 space 1024K,   0% used [0x00000000c7400000, 0x00000000c7500000)
AC   0  F    TS     0 PTAMS 0x00000000c7500000 NTAMS 0x00000000c7500000 space 1024K,   0% used [0x00000000c7500000, 0x00000000c7600000)
AC   0  F    TS     0 PTAMS 0x00000000c7600000 NTAMS 0x00000000c7600000 space 1024K,   0% used [0x00000000c7600000, 0x00000000c7700000)
AC   0  F    TS     0 PTAMS 0x00000000c7700000 NTAMS 0x00000000c7700000 space 1024K,   0% used [0x00000000c7700000, 0x00000000c7800000)
AC   0  F    TS     0 PTAMS 0x00000000c7800000 NTAMS 0x00000000c7800000 space 1024K,   0% used [0x00000000c7800000, 0x00000000c7900000)
AC   0  F    TS     0 PTAMS 0x00000000c7900000 NTAMS 0x00000000c7900000 space 1024K,   0% used [0x00000000c7900000, 0x00000000c7a00000)
AC   0  F    TS     0 PTAMS 0x00000000c7a00000 NTAMS 0x00000000c7a00000 space 1024K,   0% used [0x00000000c7a00000, 0x00000000c7b00000)
AC   0  F    TS     0 PTAMS 0x00000000c7b00000 NTAMS 0x00000000c7b00000 space 1024K,   0% used [0x00000000c7b00000, 0x00000000c7c00000)
AC   0  F    TS     0 PTAMS 0x00000000c7c00000 NTAMS 0x00000000c7c00000 space 1024K,   0% used [0x00000000c7c00000, 0x00000000c7d00000)
AC   0  F    TS     0 PTAMS 0x00000000c7d00000 NTAMS 0x00000000c7d00000 space 1024K,   0% used [0x00000000c7d00000, 0x00000000c7e00000)
AC   0  F    TS     0 PTAMS 0x00000000c7e00000 NTAMS 0x00000000c7e00000 space 1024K,   0% used [0x00000000c7e00000, 0x00000000c7f00000)
AC   0  F    TS     0 PTAMS 0x00000000c7f00000 NTAMS 0x00000000c7f00000 space 1024K,   0% used [0x00000000c7f00000, 0x00000000c8000000)
AC   0  F    TS     0 PTAMS 0x00000000c8000000 NTAMS 0x00000000c8000000 space 1024K,   0% used [0x00000000c8000000, 0x00000000c8100000)
AC   0  F    TS     0 PTAMS 0x00000000c8100000 NTAMS 0x00000000c8100000 space 1024K,   0% used [0x00000000c8100000, 0x00000000c8200000)
AC   0  F    TS     0 PTAMS 0x00000000c8200000 NTAMS 0x00000000c8200000 space 1024K,   0% used [0x00000000c8200000, 0x00000000c8300000)
AC   0  F    TS     0 PTAMS 0x00000000c8300000 NTAMS 0x00000000c8300000 space 1024K,   0% used [0x00000000c8300000, 0x00000000c8400000)
AC   0  F    TS     0 PTAMS 0x00000000c8400000 NTAMS 0x00000000c8400000 space 1024K,   0% used [0x00000000c8400000, 0x00000000c8500000)
AC   0  F    TS     0 PTAMS 0x00000000c8500000 NTAMS 0x00000000c8500000 space 1024K,   0% used [0x00000000c8500000, 0x00000000c8600000)
AC   0  F    TS     0 PTAMS 0x00000000c8600000 NTAMS 0x00000000c8600000 space 1024K,   0% used [0x00000000c8600000, 0x00000000c8700000)
AC   0  F    TS     0 PTAMS 0x00000000c8700000 NTAMS 0x00000000c8700000 space 1024K,   0% used [0x00000000c8700000, 0x00000000c8800000)
AC   0  F    TS     0 PTAMS 0x00000000c8800000 NTAMS 0x00000000c8800000 space 1024K,   0% used [0x00000000c8800000, 0x00000000c8900000)
AC   0  F    TS     0 PTAMS 0x00000000c8900000 NTAMS 0x00000000c8900000 space 1024K,   0% used [0x00000000c8900000, 0x00000000c8a00000)
AC   0  F    TS     0 PTAMS 0x00000000c8a00000 NTAMS 0x00000000c8a00000 space 1024K,   0% used [0x00000000c8a00000, 0x00000000c8b00000)
AC   0  F    TS     0 PTAMS 0x00000000c8b00000 NTAMS 0x00000000c8b00000 space 1024K,   0% used [0x00000000c8b00000, 0x00000000c8c00000)
AC   0  F    TS     0 PTAMS 0x00000000c8c00000 NTAMS 0x00000000c8c00000 space 1024K,   0% used [0x00000000c8c00000, 0x00000000c8d00000)
AC   0  F    TS     0 PTAMS 0x00000000c8d00000 NTAMS 0x00000000c8d00000 space 1024K,   0% used [0x00000000c8d00000, 0x00000000c8e00000)
AC   0  F    TS     0 PTAMS 0x00000000c8e00000 NTAMS 0x00000000c8e00000 space 1024K,   0% used [0x00000000c8e00000, 0x00000000c8f00000)
AC   0  F    TS     0 PTAMS 0x00000000c8f00000 NTAMS 0x00000000c8f00000 space 1024K,   0% used [0x00000000c8f00000, 0x00000000c9000000)
AC   0  F    TS     0 PTAMS 0x00000000c9000000 NTAMS 0x00000000c9000000 space 1024K,   0% used [0x00000000c9000000, 0x00000000c9100000)
AC   0  F    TS     0 PTAMS 0x00000000c9100000 NTAMS 0x00000000c9100000 space 1024K,   0% used [0x00000000c9100000, 0x00000000c9200000)
AC   0  F    TS     0 PTAMS 0x00000000c9200000 NTAMS 0x00000000c9200000 space 1024K,   0% used [0x00000000c9200000, 0x00000000c9300000)
AC   0  F    TS     0 PTAMS 0x00000000c9300000 NTAMS 0x00000000c9300000 space 1024K,   0% used [0x00000000c9300000, 0x00000000c9400000)
AC   0  F    TS     0 PTAMS 0x00000000c9400000 NTAMS 0x00000000c9400000 space 1024K,   0% used [0x00000000c9400000, 0x00000000c9500000)
AC   0  F    TS     0 PTAMS 0x00000000c9500000 NTAMS 0x00000000c9500000 space 1024K,   0% used [0x00000000c9500000, 0x00000000c9600000)
AC   0  F    TS     0 PTAMS 0x00000000c9600000 NTAMS 0x00000000c9600000 space 1024K,   0% used [0x00000000c9600000, 0x00000000c9700000)
AC   0  F    TS     0 PTAMS 0x00000000c9700000 NTAMS 0x00000000c9700000 space 1024K,   0% used [0x00000000c9700000, 0x00000000c9800000)
AC   0  F    TS     0 PTAMS 0x00000000c9800000 NTAMS 0x00000000c9800000 space 1024K,   0% used [0x00000000c9800000, 0x00000000c9900000)
AC   0  F    TS     0 PTAMS 0x00000000c9900000 NTAMS 0x00000000c9900000 space 1024K,   0% used [0x00000000c9900000, 0x00000000c9a00000)
AC   0  F    TS     0 PTAMS 0x00000000c9a00000 NTAMS 0x00000000c9a00000 space 1024K,   0% used [0x00000000c9a00000, 0x00000000c9b00000)
AC   0  F    TS     0 PTAMS 0x00000000c9b00000 NTAMS 0x00000000c9b00000 space 1024K,   0% used [0x00000000c9b00000, 0x00000000c9c00000)
AC   0  F    TS     0 PTAMS 0x00000000c9c00000 NTAMS 0x00000000c9c00000 space 1024K,   0% used [0x00000000c9c00000, 0x00000000c9d00000)
AC   0  F    TS     0 PTAMS 0x00000000c9d00000 NTAMS 0x00000000c9d00000 space 1024K,   0% used [0x00000000c9d00000, 0x00000000c9e00000)
AC   0  F    TS     0 PTAMS 0x00000000c9e00000 NTAMS 0x00000000c9e00000 space 1024K,   0% used [0x00000000c9e00000, 0x00000000c9f00000)
AC   0  F    TS     0 PTAMS 0x00000000c9f00000 NTAMS 0x00000000c9f00000 space 1024K,   0% used [0x00000000c9f00000, 0x00000000ca000000)
AC   0  F    TS     0 PTAMS 0x00000000ca000000 NTAMS 0x00000000ca000000 space 1024K,   0% used [0x00000000ca000000, 0x00000000ca100000)
AC   0  F    TS     0 PTAMS 0x00000000ca100000 NTAMS 0x00000000ca100000 space 1024K,   0% used [0x00000000ca100000, 0x00000000ca200000)
AC   0  F    TS     0 PTAMS 0x00000000ca200000 NTAMS 0x00000000ca200000 space 1024K,   0% used [0x00000000ca200000, 0x00000000ca300000)
AC   0  F    TS     0 PTAMS 0x00000000ca300000 NTAMS 0x00000000ca300000 space 1024K,   0% used [0x00000000ca300000, 0x00000000ca400000)
AC   0  F    TS     0 PTAMS 0x00000000ca400000 NTAMS 0x00000000ca400000 space 1024K,   0% used [0x00000000ca400000, 0x00000000ca500000)
AC   0  F    TS     0 PTAMS 0x00000000ca500000 NTAMS 0x00000000ca500000 space 1024K,   0% used [0x00000000ca500000, 0x00000000ca600000)
AC   0  F    TS     0 PTAMS 0x00000000ca600000 NTAMS 0x00000000ca600000 space 1024K,   0% used [0x00000000ca600000, 0x00000000ca700000)
AC   0  F    TS     0 PTAMS 0x00000000ca700000 NTAMS 0x00000000ca700000 space 1024K,   0% used [0x00000000ca700000, 0x00000000ca800000)
AC   0  F    TS     0 PTAMS 0x00000000ca800000 NTAMS 0x00000000ca800000 space 1024K,   0% used [0x00000000ca800000, 0x00000000ca900000)
AC   0  F    TS     0 PTAMS 0x00000000ca900000 NTAMS 0x00000000ca900000 space 1024K,   0% used [0x00000000ca900000, 0x00000000caa00000)
AC   0  F    TS     0 PTAMS 0x00000000caa00000 NTAMS 0x00000000caa00000 space 1024K,   0% used [0x00000000caa00000, 0x00000000cab00000)
AC   0  F    TS     0 PTAMS 0x00000000cab00000 NTAMS 0x00000000cab00000 space 1024K,   0% used [0x00000000cab00000, 0x00000000cac00000)
AC   0  F    TS     0 PTAMS 0x00000000cac00000 NTAMS 0x00000000cac00000 space 1024K,   0% used [0x00000000cac00000, 0x00000000cad00000)
AC   0  F    TS     0 PTAMS 0x00000000cad00000 NTAMS 0x00000000cad00000 space 1024K,   0% used [0x00000000cad00000, 0x00000000cae00000)
AC   0  F    TS     0 PTAMS 0x00000000cae00000 NTAMS 0x00000000cae00000 space 1024K,   0% used [0x00000000cae00000, 0x00000000caf00000)
AC   0  F    TS     0 PTAMS 0x00000000caf00000 NTAMS 0x00000000caf00000 space 1024K,   0% used [0x00000000caf00000, 0x00000000cb000000)
AC   0  F    TS     0 PTAMS 0x00000000cb000000 NTAMS 0x00000000cb000000 space 1024K,   0% used [0x00000000cb000000, 0x00000000cb100000)
AC   0  F    TS     0 PTAMS 0x00000000cb100000 NTAMS 0x00000000cb100000 space 1024K,   0% used [0x00000000cb100000, 0x00000000cb200000)
AC   0  F    TS     0 PTAMS 0x00000000cb200000 NTAMS 0x00000000cb200000 space 1024K,   0% used [0x00000000cb200000, 0x00000000cb300000)
AC   0  F    TS     0 PTAMS 0x00000000cb300000 NTAMS 0x00000000cb300000 space 1024K,   0% used [0x00000000cb300000, 0x00000000cb400000)
AC   0  F    TS     0 PTAMS 0x00000000cb400000 NTAMS 0x00000000cb400000 space 1024K,   0% used [0x00000000cb400000, 0x00000000cb500000)
AC   0  F    TS     0 PTAMS 0x00000000cb500000 NTAMS 0x00000000cb500000 space 1024K,   0% used [0x00000000cb500000, 0x00000000cb600000)
AC   0  F    TS     0 PTAMS 0x00000000cb600000 NTAMS 0x00000000cb600000 space 1024K,   0% used [0x00000000cb600000, 0x00000000cb700000)
AC   0  F    TS     0 PTAMS 0x00000000cb700000 NTAMS 0x00000000cb700000 space 1024K,   0% used [0x00000000cb700000, 0x00000000cb800000)
AC   0  F    TS     0 PTAMS 0x00000000cb800000 NTAMS 0x00000000cb800000 space 1024K,   0% used [0x00000000cb800000, 0x00000000cb900000)
AC   0  F    TS     0 PTAMS 0x00000000cb900000 NTAMS 0x00000000cb900000 space 1024K,   0% used [0x00000000cb900000, 0x00000000cba00000)
AC   0  F    TS     0 PTAMS 0x00000000cba00000 NTAMS 0x00000000cba00000 space 1024K,   0% used [0x00000000cba00000, 0x00000000cbb00000)
AC   0  F    TS     0 PTAMS 0x00000000cbb00000 NTAMS 0x00000000cbb00000 space 1024K,   0% used [0x00000000cbb00000, 0x00000000cbc00000)
AC   0  F    TS     0 PTAMS 0x00000000cbc00000 NTAMS 0x00000000cbc00000 space 1024K,   0% used [0x00000000cbc00000, 0x00000000cbd00000)
AC   0  F    TS     0 PTAMS 0x00000000cbd00000 NTAMS 0x00000000cbd00000 space 1024K,   0% used [0x00000000cbd00000, 0x00000000cbe00000)
AC   0  F    TS     0 PTAMS 0x00000000cbe00000 NTAMS 0x00000000cbe00000 space 1024K,   0% used [0x00000000cbe00000, 0x00000000cbf00000)
AC   0  F    TS     0 PTAMS 0x00000000cbf00000 NTAMS 0x00000000cbf00000 space 1024K,   0% used [0x00000000cbf00000, 0x00000000cc000000)
AC   0  F    TS     0 PTAMS 0x00000000cc000000 NTAMS 0x00000000cc000000 space 1024K,   0% used [0x00000000cc000000, 0x00000000cc100000)
AC   0  F    TS     0 PTAMS 0x00000000cc100000 NTAMS 0x00000000cc100000 space 1024K,   0% used [0x00000000cc100000, 0x00000000cc200000)
AC   0  F    TS     0 PTAMS 0x00000000cc200000 NTAMS 0x00000000cc200000 space 1024K,   0% used [0x00000000cc200000, 0x00000000cc300000)
AC   0  F    TS     0 PTAMS 0x00000000cc300000 NTAMS 0x00000000cc300000 space 1024K,   0% used [0x00000000cc300000, 0x00000000cc400000)
AC   0  F    TS     0 PTAMS 0x00000000cc400000 NTAMS 0x00000000cc400000 space 1024K,   0% used [0x00000000cc400000, 0x00000000cc500000)
AC   0  F    TS     0 PTAMS 0x00000000cc500000 NTAMS 0x00000000cc500000 space 1024K,   0% used [0x00000000cc500000, 0x00000000cc600000)
AC   0  F    TS     0 PTAMS 0x00000000cc600000 NTAMS 0x00000000cc600000 space 1024K,   0% used [0x00000000cc600000, 0x00000000cc700000)
AC   0  F    TS     0 PTAMS 0x00000000cc700000 NTAMS 0x00000000cc700000 space 1024K,   0% used [0x00000000cc700000, 0x00000000cc800000)
AC   0  F    TS     0 PTAMS 0x00000000cc800000 NTAMS 0x00000000cc800000 space 1024K,   0% used [0x00000000cc800000, 0x00000000cc900000)
AC   0  F    TS     0 PTAMS 0x00000000cc900000 NTAMS 0x00000000cc900000 space 1024K,   0% used [0x00000000cc900000, 0x00000000cca00000)
AC   0  F    TS     0 PTAMS 0x00000000cca00000 NTAMS 0x00000000cca00000 space 1024K,   0% used [0x00000000cca00000, 0x00000000ccb00000)
AC   0  F    TS     0 PTAMS 0x00000000ccb00000 NTAMS 0x00000000ccb00000 space 1024K,   0% used [0x00000000ccb00000, 0x00000000ccc00000)
AC   0  F    TS     0 PTAMS 0x00000000ccc00000 NTAMS 0x00000000ccc00000 space 1024K,   0% used [0x00000000ccc00000, 0x00000000ccd00000)
AC   0  F    TS     0 PTAMS 0x00000000ccd00000 NTAMS 0x00000000ccd00000 space 1024K,   0% used [0x00000000ccd00000, 0x00000000cce00000)
AC   0  F    TS     0 PTAMS 0x00000000cce00000 NTAMS 0x00000000cce00000 space 1024K,   0% used [0x00000000cce00000, 0x00000000ccf00000)
AC   0  F    TS     0 PTAMS 0x00000000ccf00000 NTAMS 0x00000000ccf00000 space 1024K,   0% used [0x00000000ccf00000, 0x00000000cd000000)
AC   0  F    TS     0 PTAMS 0x00000000cd000000 NTAMS 0x00000000cd000000 space 1024K,   0% used [0x00000000cd000000, 0x00000000cd100000)
AC   0  F    TS     0 PTAMS 0x00000000cd100000 NTAMS 0x00000000cd100000 space 1024K,   0% used [0x00000000cd100000, 0x00000000cd200000)
AC   0  F    TS     0 PTAMS 0x00000000cd200000 NTAMS 0x00000000cd200000 space 1024K,   0% used [0x00000000cd200000, 0x00000000cd300000)
AC   0  F    TS     0 PTAMS 0x00000000cd300000 NTAMS 0x00000000cd300000 space 1024K,   0% used [0x00000000cd300000, 0x00000000cd400000)
AC   0  F    TS     0 PTAMS 0x00000000cd400000 NTAMS 0x00000000cd400000 space 1024K,   0% used [0x00000000cd400000, 0x00000000cd500000)
AC   0  F    TS     0 PTAMS 0x00000000cd500000 NTAMS 0x00000000cd500000 space 1024K,   0% used [0x00000000cd500000, 0x00000000cd600000)
AC   0  F    TS     0 PTAMS 0x00000000cd600000 NTAMS 0x00000000cd600000 space 1024K,   0% used [0x00000000cd600000, 0x00000000cd700000)
AC   0  F    TS     0 PTAMS 0x00000000cd700000 NTAMS 0x00000000cd700000 space 1024K,   0% used [0x00000000cd700000, 0x00000000cd800000)
AC   0  F    TS     0 PTAMS 0x00000000cd800000 NTAMS 0x00000000cd800000 space 1024K,   0% used [0x00000000cd800000, 0x00000000cd900000)
AC   0  F    TS     0 PTAMS 0x00000000cd900000 NTAMS 0x00000000cd900000 space 1024K,   0% used [0x00000000cd900000, 0x00000000cda00000)
AC   0  F    TS     0 PTAMS 0x00000000cda00000 NTAMS 0x00000000cda00000 space 1024K,   0% used [0x00000000cda00000, 0x00000000cdb00000)
AC   0  F    TS     0 PTAMS 0x00000000cdb00000 NTAMS 0x00000000cdb00000 space 1024K,   0% used [0x00000000cdb00000, 0x00000000cdc00000)
AC   0  F    TS     0 PTAMS 0x00000000cdc00000 NTAMS 0x00000000cdc00000 space 1024K,   0% used [0x00000000cdc00000, 0x00000000cdd00000)
AC   0  F    TS     0 PTAMS 0x00000000cdd00000 NTAMS 0x00000000cdd00000 space 1024K,   0% used [0x00000000cdd00000, 0x00000000cde00000)
AC   0  F    TS     0 PTAMS 0x00000000cde00000 NTAMS 0x00000000cde00000 space 1024K,   0% used [0x00000000cde00000, 0x00000000cdf00000)
AC   0  F    TS     0 PTAMS 0x00000000cdf00000 NTAMS 0x00000000cdf00000 space 1024K,   0% used [0x00000000cdf00000, 0x00000000ce000000)
AC   0  F    TS     0 PTAMS 0x00000000ce000000 NTAMS 0x00000000ce000000 space 1024K,   0% used [0x00000000ce000000, 0x00000000ce100000)
AC   0  F    TS     0 PTAMS 0x00000000ce100000 NTAMS 0x00000000ce100000 space 1024K,   0% used [0x00000000ce100000, 0x00000000ce200000)
AC   0  F    TS     0 PTAMS 0x00000000ce200000 NTAMS 0x00000000ce200000 space 1024K,   0% used [0x00000000ce200000, 0x00000000ce300000)
AC   0  F    TS     0 PTAMS 0x00000000ce300000 NTAMS 0x00000000ce300000 space 1024K,   0% used [0x00000000ce300000, 0x00000000ce400000)
AC   0  F    TS     0 PTAMS 0x00000000ce400000 NTAMS 0x00000000ce400000 space 1024K,   0% used [0x00000000ce400000, 0x00000000ce500000)
AC   0  F    TS     0 PTAMS 0x00000000ce500000 NTAMS 0x00000000ce500000 space 1024K,   0% used [0x00000000ce500000, 0x00000000ce600000)
AC   0  F    TS     0 PTAMS 0x00000000ce600000 NTAMS 0x00000000ce600000 space 1024K,   0% used [0x00000000ce600000, 0x00000000ce700000)
AC   0  F    TS     0 PTAMS 0x00000000ce700000 NTAMS 0x00000000ce700000 space 1024K,   0% used [0x00000000ce700000, 0x00000000ce800000)
AC   0  F    TS     0 PTAMS 0x00000000ce800000 NTAMS 0x00000000ce800000 space 1024K,   0% used [0x00000000ce800000, 0x00000000ce900000)
AC   0  F    TS     0 PTAMS 0x00000000ce900000 NTAMS 0x00000000ce900000 space 1024K,   0% used [0x00000000ce900000, 0x00000000cea00000)
AC   0  F    TS     0 PTAMS 0x00000000cea00000 NTAMS 0x00000000cea00000 space 1024K,   0% used [0x00000000cea00000, 0x00000000ceb00000)
AC   0  F    TS     0 PTAMS 0x00000000ceb00000 NTAMS 0x00000000ceb00000 space 1024K,   0% used [0x00000000ceb00000, 0x00000000cec00000)
AC   0  F    TS     0 PTAMS 0x00000000cec00000 NTAMS 0x00000000cec00000 space 1024K,   0% used [0x00000000cec00000, 0x00000000ced00000)
AC   0  F    TS     0 PTAMS 0x00000000ced00000 NTAMS 0x00000000ced00000 space 1024K,   0% used [0x00000000ced00000, 0x00000000cee00000)
AC   0  F    TS     0 PTAMS 0x00000000cee00000 NTAMS 0x00000000cee00000 space 1024K,   0% used [0x00000000cee00000, 0x00000000cef00000)
AC   0  F    TS     0 PTAMS 0x00000000cef00000 NTAMS 0x00000000cef00000 space 1024K,   0% used [0x00000000cef00000, 0x00000000cf000000)
AC   0  F    TS     0 PTAMS 0x00000000cf000000 NTAMS 0x00000000cf000000 space 1024K,   0% used [0x00000000cf000000, 0x00000000cf100000)
AC   0  F    TS     0 PTAMS 0x00000000cf100000 NTAMS 0x00000000cf100000 space 1024K,   0% used [0x00000000cf100000, 0x00000000cf200000)
AC   0  F    TS     0 PTAMS 0x00000000cf200000 NTAMS 0x00000000cf200000 space 1024K,   0% used [0x00000000cf200000, 0x00000000cf300000)
AC   0  F    TS     0 PTAMS 0x00000000cf300000 NTAMS 0x00000000cf300000 space 1024K,   0% used [0x00000000cf300000, 0x00000000cf400000)
AC   0  F    TS     0 PTAMS 0x00000000cf400000 NTAMS 0x00000000cf400000 space 1024K,   0% used [0x00000000cf400000, 0x00000000cf500000)
AC   0  F    TS     0 PTAMS 0x00000000cf500000 NTAMS 0x00000000cf500000 space 1024K,   0% used [0x00000000cf500000, 0x00000000cf600000)
AC   0  F    TS     0 PTAMS 0x00000000cf600000 NTAMS 0x00000000cf600000 space 1024K,   0% used [0x00000000cf600000, 0x00000000cf700000)
AC   0  F    TS     0 PTAMS 0x00000000cf700000 NTAMS 0x00000000cf700000 space 1024K,   0% used [0x00000000cf700000, 0x00000000cf800000)
AC   0  F    TS     0 PTAMS 0x00000000cf800000 NTAMS 0x00000000cf800000 space 1024K,   0% used [0x00000000cf800000, 0x00000000cf900000)
AC   0  F    TS     0 PTAMS 0x00000000cf900000 NTAMS 0x00000000cf900000 space 1024K,   0% used [0x00000000cf900000, 0x00000000cfa00000)
AC   0  F    TS     0 PTAMS 0x00000000cfa00000 NTAMS 0x00000000cfa00000 space 1024K,   0% used [0x00000000cfa00000, 0x00000000cfb00000)
AC   0  F    TS     0 PTAMS 0x00000000cfb00000 NTAMS 0x00000000cfb00000 space 1024K,   0% used [0x00000000cfb00000, 0x00000000cfc00000)
AC   0  F    TS     0 PTAMS 0x00000000cfc00000 NTAMS 0x00000000cfc00000 space 1024K,   0% used [0x00000000cfc00000, 0x00000000cfd00000)
AC   0  F    TS     0 PTAMS 0x00000000cfd00000 NTAMS 0x00000000cfd00000 space 1024K,   0% used [0x00000000cfd00000, 0x00000000cfe00000)
AC   0  F    TS     0 PTAMS 0x00000000cfe00000 NTAMS 0x00000000cfe00000 space 1024K,   0% used [0x00000000cfe00000, 0x00000000cff00000)
AC   0  F    TS     0 PTAMS 0x00000000cff00000 NTAMS 0x00000000cff00000 space 1024K,   0% used [0x00000000cff00000, 0x00000000d0000000)
AC   0  F    TS     0 PTAMS 0x00000000d0000000 NTAMS 0x00000000d0000000 space 1024K,   0% used [0x00000000d0000000, 0x00000000d0100000)
AC   0  F    TS     0 PTAMS 0x00000000d0100000 NTAMS 0x00000000d0100000 space 1024K,   0% used [0x00000000d0100000, 0x00000000d0200000)
AC   0  F    TS     0 PTAMS 0x00000000d0200000 NTAMS 0x00000000d0200000 space 1024K,   0% used [0x00000000d0200000, 0x00000000d0300000)
AC   0  F    TS     0 PTAMS 0x00000000d0300000 NTAMS 0x00000000d0300000 space 1024K,   0% used [0x00000000d0300000, 0x00000000d0400000)
AC   0  F    TS     0 PTAMS 0x00000000d0400000 NTAMS 0x00000000d0400000 space 1024K,   0% used [0x00000000d0400000, 0x00000000d0500000)
AC   0  F    TS     0 PTAMS 0x00000000d0500000 NTAMS 0x00000000d0500000 space 1024K,   0% used [0x00000000d0500000, 0x00000000d0600000)
AC   0  F    TS     0 PTAMS 0x00000000d0600000 NTAMS 0x00000000d0600000 space 1024K,   0% used [0x00000000d0600000, 0x00000000d0700000)
AC   0  F    TS     0 PTAMS 0x00000000d0700000 NTAMS 0x00000000d0700000 space 1024K,   0% used [0x00000000d0700000, 0x00000000d0800000)
AC   0  F    TS     0 PTAMS 0x00000000d0800000 NTAMS 0x00000000d0800000 space 1024K,   0% used [0x00000000d0800000, 0x00000000d0900000)
AC   0  F    TS     0 PTAMS 0x00000000d0900000 NTAMS 0x00000000d0900000 space 1024K,   0% used [0x00000000d0900000, 0x00000000d0a00000)
AC   0  F    TS     0 PTAMS 0x00000000d0a00000 NTAMS 0x00000000d0a00000 space 1024K,   0% used [0x00000000d0a00000, 0x00000000d0b00000)
AC   0  F    TS     0 PTAMS 0x00000000d0b00000 NTAMS 0x00000000d0b00000 space 1024K,   0% used [0x00000000d0b00000, 0x00000000d0c00000)
AC   0  F    TS     0 PTAMS 0x00000000d0c00000 NTAMS 0x00000000d0c00000 space 1024K,   0% used [0x00000000d0c00000, 0x00000000d0d00000)
AC   0  F    TS     0 PTAMS 0x00000000d0d00000 NTAMS 0x00000000d0d00000 space 1024K,   0% used [0x00000000d0d00000, 0x00000000d0e00000)
AC   0  F    TS     0 PTAMS 0x00000000d0e00000 NTAMS 0x00000000d0e00000 space 1024K,   0% used [0x00000000d0e00000, 0x00000000d0f00000)
AC   0  F    TS     0 PTAMS 0x00000000d0f00000 NTAMS 0x00000000d0f00000 space 1024K,   0% used [0x00000000d0f00000, 0x00000000d1000000)
AC   0  F    TS     0 PTAMS 0x00000000d1000000 NTAMS 0x00000000d1000000 space 1024K,   0% used [0x00000000d1000000, 0x00000000d1100000)
AC   0  F    TS     0 PTAMS 0x00000000d1100000 NTAMS 0x00000000d1100000 space 1024K,   0% used [0x00000000d1100000, 0x00000000d1200000)
AC   0  F    TS     0 PTAMS 0x00000000d1200000 NTAMS 0x00000000d1200000 space 1024K,   0% used [0x00000000d1200000, 0x00000000d1300000)
AC   0  F    TS     0 PTAMS 0x00000000d1300000 NTAMS 0x00000000d1300000 space 1024K,   0% used [0x00000000d1300000, 0x00000000d1400000)
AC   0  F    TS     0 PTAMS 0x00000000d1400000 NTAMS 0x00000000d1400000 space 1024K,   0% used [0x00000000d1400000, 0x00000000d1500000)
AC   0  F    TS     0 PTAMS 0x00000000d1500000 NTAMS 0x00000000d1500000 space 1024K,   0% used [0x00000000d1500000, 0x00000000d1600000)
AC   0  F    TS     0 PTAMS 0x00000000d1600000 NTAMS 0x00000000d1600000 space 1024K,   0% used [0x00000000d1600000, 0x00000000d1700000)
AC   0  F    TS     0 PTAMS 0x00000000d1700000 NTAMS 0x00000000d1700000 space 1024K,   0% used [0x00000000d1700000, 0x00000000d1800000)
AC   0  F    TS     0 PTAMS 0x00000000d1800000 NTAMS 0x00000000d1800000 space 1024K,   0% used [0x00000000d1800000, 0x00000000d1900000)
AC   0  F    TS     0 PTAMS 0x00000000d1900000 NTAMS 0x00000000d1900000 space 1024K,   0% used [0x00000000d1900000, 0x00000000d1a00000)
AC   0  F    TS     0 PTAMS 0x00000000d1a00000 NTAMS 0x00000000d1a00000 space 1024K,   0% used [0x00000000d1a00000, 0x00000000d1b00000)
AC   0  F    TS     0 PTAMS 0x00000000d1b00000 NTAMS 0x00000000d1b00000 space 1024K,   0% used [0x00000000d1b00000, 0x00000000d1c00000)
AC   0  F    TS     0 PTAMS 0x00000000d1c00000 NTAMS 0x00000000d1c00000 space 1024K,   0% used [0x00000000d1c00000, 0x00000000d1d00000)
AC   0  F    TS     0 PTAMS 0x00000000d1d00000 NTAMS 0x00000000d1d00000 space 1024K,   0% used [0x00000000d1d00000, 0x00000000d1e00000)
AC   0  F    TS     0 PTAMS 0x00000000d1e00000 NTAMS 0x00000000d1e00000 space 1024K,   0% used [0x00000000d1e00000, 0x00000000d1f00000)
AC   0  F    TS     0 PTAMS 0x00000000d1f00000 NTAMS 0x00000000d1f00000 space 1024K,   0% used [0x00000000d1f00000, 0x00000000d2000000)
AC   0  F    TS     0 PTAMS 0x00000000d2000000 NTAMS 0x00000000d2000000 space 1024K,   0% used [0x00000000d2000000, 0x00000000d2100000)
AC   0  F    TS     0 PTAMS 0x00000000d2100000 NTAMS 0x00000000d2100000 space 1024K,   0% used [0x00000000d2100000, 0x00000000d2200000)
AC   0  F    TS     0 PTAMS 0x00000000d2200000 NTAMS 0x00000000d2200000 space 1024K,   0% used [0x00000000d2200000, 0x00000000d2300000)
AC   0  F    TS     0 PTAMS 0x00000000d2300000 NTAMS 0x00000000d2300000 space 1024K,   0% used [0x00000000d2300000, 0x00000000d2400000)
AC   0  F    TS     0 PTAMS 0x00000000d2400000 NTAMS 0x00000000d2400000 space 1024K,   0% used [0x00000000d2400000, 0x00000000d2500000)
AC   0  F    TS     0 PTAMS 0x00000000d2500000 NTAMS 0x00000000d2500000 space 1024K,   0% used [0x00000000d2500000, 0x00000000d2600000)
AC   0  F    TS     0 PTAMS 0x00000000d2600000 NTAMS 0x00000000d2600000 space 1024K,   0% used [0x00000000d2600000, 0x00000000d2700000)
AC   0  F    TS     0 PTAMS 0x00000000d2700000 NTAMS 0x00000000d2700000 space 1024K,   0% used [0x00000000d2700000, 0x00000000d2800000)
AC   0  F    TS     0 PTAMS 0x00000000d2800000 NTAMS 0x00000000d2800000 space 1024K,   0% used [0x00000000d2800000, 0x00000000d2900000)
AC   0  F    TS     0 PTAMS 0x00000000d2900000 NTAMS 0x00000000d2900000 space 1024K,   0% used [0x00000000d2900000, 0x00000000d2a00000)
AC   0  F    TS     0 PTAMS 0x00000000d2a00000 NTAMS 0x00000000d2a00000 space 1024K,   0% used [0x00000000d2a00000, 0x00000000d2b00000)
AC   0  F    TS     0 PTAMS 0x00000000d2b00000 NTAMS 0x00000000d2b00000 space 1024K,   0% used [0x00000000d2b00000, 0x00000000d2c00000)
AC   0  F    TS     0 PTAMS 0x00000000d2c00000 NTAMS 0x00000000d2c00000 space 1024K,   0% used [0x00000000d2c00000, 0x00000000d2d00000)
AC   0  F    TS     0 PTAMS 0x00000000d2d00000 NTAMS 0x00000000d2d00000 space 1024K,   0% used [0x00000000d2d00000, 0x00000000d2e00000)
AC   0  F    TS     0 PTAMS 0x00000000d2e00000 NTAMS 0x00000000d2e00000 space 1024K,   0% used [0x00000000d2e00000, 0x00000000d2f00000)
AC   0  F    TS     0 PTAMS 0x00000000d2f00000 NTAMS 0x00000000d2f00000 space 1024K,   0% used [0x00000000d2f00000, 0x00000000d3000000)
AC   0  F    TS     0 PTAMS 0x00000000d3000000 NTAMS 0x00000000d3000000 space 1024K,   0% used [0x00000000d3000000, 0x00000000d3100000)
AC   0  F    TS     0 PTAMS 0x00000000d3100000 NTAMS 0x00000000d3100000 space 1024K,   0% used [0x00000000d3100000, 0x00000000d3200000)
AC   0  F    TS     0 PTAMS 0x00000000d3200000 NTAMS 0x00000000d3200000 space 1024K,   0% used [0x00000000d3200000, 0x00000000d3300000)
AC   0  F    TS     0 PTAMS 0x00000000d3300000 NTAMS 0x00000000d3300000 space 1024K,   0% used [0x00000000d3300000, 0x00000000d3400000)
AC   0  F    TS     0 PTAMS 0x00000000d3400000 NTAMS 0x00000000d3400000 space 1024K,   0% used [0x00000000d3400000, 0x00000000d3500000)
AC   0  F    TS     0 PTAMS 0x00000000d3500000 NTAMS 0x00000000d3500000 space 1024K,   0% used [0x00000000d3500000, 0x00000000d3600000)
AC   0  F    TS     0 PTAMS 0x00000000d3600000 NTAMS 0x00000000d3600000 space 1024K,   0% used [0x00000000d3600000, 0x00000000d3700000)
AC   0  F    TS     0 PTAMS 0x00000000d3700000 NTAMS 0x00000000d3700000 space 1024K,   0% used [0x00000000d3700000, 0x00000000d3800000)
AC   0  F    TS     0 PTAMS 0x00000000d3800000 NTAMS 0x00000000d3800000 space 1024K,   0% used [0x00000000d3800000, 0x00000000d3900000)
AC   0  F    TS     0 PTAMS 0x00000000d3900000 NTAMS 0x00000000d3900000 space 1024K,   0% used [0x00000000d3900000, 0x00000000d3a00000)
AC   0  F    TS     0 PTAMS 0x00000000d3a00000 NTAMS 0x00000000d3a00000 space 1024K,   0% used [0x00000000d3a00000, 0x00000000d3b00000)
AC   0  F    TS     0 PTAMS 0x00000000d3b00000 NTAMS 0x00000000d3b00000 space 1024K,   0% used [0x00000000d3b00000, 0x00000000d3c00000)
AC   0  F    TS     0 PTAMS 0x00000000d3c00000 NTAMS 0x00000000d3c00000 space 1024K,   0% used [0x00000000d3c00000, 0x00000000d3d00000)
AC   0  F    TS     0 PTAMS 0x00000000d3d00000 NTAMS 0x00000000d3d00000 space 1024K,   0% used [0x00000000d3d00000, 0x00000000d3e00000)
AC   0  F    TS     0 PTAMS 0x00000000d3e00000 NTAMS 0x00000000d3e00000 space 1024K,   0% used [0x00000000d3e00000, 0x00000000d3f00000)
AC   0  F    TS     0 PTAMS 0x00000000d3f00000 NTAMS 0x00000000d3f00000 space 1024K,   0% used [0x00000000d3f00000, 0x00000000d4000000)
AC   0  F    TS     0 PTAMS 0x00000000d4000000 NTAMS 0x00000000d4000000 space 1024K,   0% used [0x00000000d4000000, 0x00000000d4100000)
AC   0  F    TS     0 PTAMS 0x00000000d4100000 NTAMS 0x00000000d4100000 space 1024K,   0% used [0x00000000d4100000, 0x00000000d4200000)
AC   0  F    TS     0 PTAMS 0x00000000d4200000 NTAMS 0x00000000d4200000 space 1024K,   0% used [0x00000000d4200000, 0x00000000d4300000)
AC   0  F    TS     0 PTAMS 0x00000000d4300000 NTAMS 0x00000000d4300000 space 1024K,   0% used [0x00000000d4300000, 0x00000000d4400000)
AC   0  F    TS     0 PTAMS 0x00000000d4400000 NTAMS 0x00000000d4400000 space 1024K,   0% used [0x00000000d4400000, 0x00000000d4500000)
AC   0  F    TS     0 PTAMS 0x00000000d4500000 NTAMS 0x00000000d4500000 space 1024K,   0% used [0x00000000d4500000, 0x00000000d4600000)
AC   0  F    TS     0 PTAMS 0x00000000d4600000 NTAMS 0x00000000d4600000 space 1024K,   0% used [0x00000000d4600000, 0x00000000d4700000)
AC   0  F    TS     0 PTAMS 0x00000000d4700000 NTAMS 0x00000000d4700000 space 1024K,   0% used [0x00000000d4700000, 0x00000000d4800000)
AC   0  F    TS     0 PTAMS 0x00000000d4800000 NTAMS 0x00000000d4800000 space 1024K,   0% used [0x00000000d4800000, 0x00000000d4900000)
AC   0  F    TS     0 PTAMS 0x00000000d4900000 NTAMS 0x00000000d4900000 space 1024K,   0% used [0x00000000d4900000, 0x00000000d4a00000)
AC   0  F    TS     0 PTAMS 0x00000000d4a00000 NTAMS 0x00000000d4a00000 space 1024K,   0% used [0x00000000d4a00000, 0x00000000d4b00000)
AC   0  F    TS     0 PTAMS 0x00000000d4b00000 NTAMS 0x00000000d4b00000 space 1024K,   0% used [0x00000000d4b00000, 0x00000000d4c00000)
AC   0  F    TS     0 PTAMS 0x00000000d4c00000 NTAMS 0x00000000d4c00000 space 1024K,   0% used [0x00000000d4c00000, 0x00000000d4d00000)
AC   0  F    TS     0 PTAMS 0x00000000d4d00000 NTAMS 0x00000000d4d00000 space 1024K,   0% used [0x00000000d4d00000, 0x00000000d4e00000)
AC   0  F    TS     0 PTAMS 0x00000000d4e00000 NTAMS 0x00000000d4e00000 space 1024K,   0% used [0x00000000d4e00000, 0x00000000d4f00000)
AC   0  F    TS     0 PTAMS 0x00000000d4f00000 NTAMS 0x00000000d4f00000 space 1024K,   0% used [0x00000000d4f00000, 0x00000000d5000000)
AC   0  F    TS     0 PTAMS 0x00000000d5000000 NTAMS 0x00000000d5000000 space 1024K,   0% used [0x00000000d5000000, 0x00000000d5100000)
AC   0  F    TS     0 PTAMS 0x00000000d5100000 NTAMS 0x00000000d5100000 space 1024K,   0% used [0x00000000d5100000, 0x00000000d5200000)
AC   0  F    TS     0 PTAMS 0x00000000d5200000 NTAMS 0x00000000d5200000 space 1024K,   0% used [0x00000000d5200000, 0x00000000d5300000)
AC   0  F    TS     0 PTAMS 0x00000000d5300000 NTAMS 0x00000000d5300000 space 1024K,   0% used [0x00000000d5300000, 0x00000000d5400000)
AC   0  F    TS     0 PTAMS 0x00000000d5400000 NTAMS 0x00000000d5400000 space 1024K,   0% used [0x00000000d5400000, 0x00000000d5500000)
AC   0  F    TS     0 PTAMS 0x00000000d5500000 NTAMS 0x00000000d5500000 space 1024K,   0% used [0x00000000d5500000, 0x00000000d5600000)
AC   0  F    TS     0 PTAMS 0x00000000d5600000 NTAMS 0x00000000d5600000 space 1024K,   0% used [0x00000000d5600000, 0x00000000d5700000)
AC   0  F    TS     0 PTAMS 0x00000000d5700000 NTAMS 0x00000000d5700000 space 1024K,   0% used [0x00000000d5700000, 0x00000000d5800000)
AC   0  F    TS     0 PTAMS 0x00000000d5800000 NTAMS 0x00000000d5800000 space 1024K,   0% used [0x00000000d5800000, 0x00000000d5900000)
AC   0  F    TS     0 PTAMS 0x00000000d5900000 NTAMS 0x00000000d5900000 space 1024K,   0% used [0x00000000d5900000, 0x00000000d5a00000)
AC   0  F    TS     0 PTAMS 0x00000000d5a00000 NTAMS 0x00000000d5a00000 space 1024K,   0% used [0x00000000d5a00000, 0x00000000d5b00000)
AC   0  F    TS     0 PTAMS 0x00000000d5b00000 NTAMS 0x00000000d5b00000 space 1024K,   0% used [0x00000000d5b00000, 0x00000000d5c00000)
AC   0  F    TS     0 PTAMS 0x00000000d5c00000 NTAMS 0x00000000d5c00000 space 1024K,   0% used [0x00000000d5c00000, 0x00000000d5d00000)
AC   0  F    TS     0 PTAMS 0x00000000d5d00000 NTAMS 0x00000000d5d00000 space 1024K,   0% used [0x00000000d5d00000, 0x00000000d5e00000)
AC   0  F    TS     0 PTAMS 0x00000000d5e00000 NTAMS 0x00000000d5e00000 space 1024K,   0% used [0x00000000d5e00000, 0x00000000d5f00000)
AC   0  F    TS     0 PTAMS 0x00000000d5f00000 NTAMS 0x00000000d5f00000 space 1024K,   0% used [0x00000000d5f00000, 0x00000000d6000000)
AC   0  F    TS     0 PTAMS 0x00000000d6000000 NTAMS 0x00000000d6000000 space 1024K,   0% used [0x00000000d6000000, 0x00000000d6100000)
AC   0  F    TS     0 PTAMS 0x00000000d6100000 NTAMS 0x00000000d6100000 space 1024K,   0% used [0x00000000d6100000, 0x00000000d6200000)
AC   0  F    TS     0 PTAMS 0x00000000d6200000 NTAMS 0x00000000d6200000 space 1024K,   0% used [0x00000000d6200000, 0x00000000d6300000)
AC   0  F    TS     0 PTAMS 0x00000000d6300000 NTAMS 0x00000000d6300000 space 1024K,   0% used [0x00000000d6300000, 0x00000000d6400000)
AC   0  F    TS     0 PTAMS 0x00000000d6400000 NTAMS 0x00000000d6400000 space 1024K,   0% used [0x00000000d6400000, 0x00000000d6500000)
AC   0  F    TS     0 PTAMS 0x00000000d6500000 NTAMS 0x00000000d6500000 space 1024K,   0% used [0x00000000d6500000, 0x00000000d6600000)
AC   0  F    TS     0 PTAMS 0x00000000d6600000 NTAMS 0x00000000d6600000 space 1024K,   0% used [0x00000000d6600000, 0x00000000d6700000)
AC   0  F    TS     0 PTAMS 0x00000000d6700000 NTAMS 0x00000000d6700000 space 1024K,   0% used [0x00000000d6700000, 0x00000000d6800000)
AC   0  F    TS     0 PTAMS 0x00000000d6800000 NTAMS 0x00000000d6800000 space 1024K,   0% used [0x00000000d6800000, 0x00000000d6900000)
AC   0  F    TS     0 PTAMS 0x00000000d6900000 NTAMS 0x00000000d6900000 space 1024K,   0% used [0x00000000d6900000, 0x00000000d6a00000)
AC   0  F    TS     0 PTAMS 0x00000000d6a00000 NTAMS 0x00000000d6a00000 space 1024K,   0% used [0x00000000d6a00000, 0x00000000d6b00000)
AC   0  F    TS     0 PTAMS 0x00000000d6b00000 NTAMS 0x00000000d6b00000 space 1024K,   0% used [0x00000000d6b00000, 0x00000000d6c00000)
AC   0  F    TS     0 PTAMS 0x00000000d6c00000 NTAMS 0x00000000d6c00000 space 1024K,   0% used [0x00000000d6c00000, 0x00000000d6d00000)
AC   0  F    TS     0 PTAMS 0x00000000d6d00000 NTAMS 0x00000000d6d00000 space 1024K,   0% used [0x00000000d6d00000, 0x00000000d6e00000)
AC   0  F    TS     0 PTAMS 0x00000000d6e00000 NTAMS 0x00000000d6e00000 space 1024K,   0% used [0x00000000d6e00000, 0x00000000d6f00000)
AC   0  F    TS     0 PTAMS 0x00000000d6f00000 NTAMS 0x00000000d6f00000 space 1024K,   0% used [0x00000000d6f00000, 0x00000000d7000000)
AC   0  F    TS     0 PTAMS 0x00000000d7000000 NTAMS 0x00000000d7000000 space 1024K,   0% used [0x00000000d7000000, 0x00000000d7100000)
AC   0  F    TS     0 PTAMS 0x00000000d7100000 NTAMS 0x00000000d7100000 space 1024K,   0% used [0x00000000d7100000, 0x00000000d7200000)
AC   0  F    TS     0 PTAMS 0x00000000d7200000 NTAMS 0x00000000d7200000 space 1024K,   0% used [0x00000000d7200000, 0x00000000d7300000)
AC   0  F    TS     0 PTAMS 0x00000000d7300000 NTAMS 0x00000000d7300000 space 1024K,   0% used [0x00000000d7300000, 0x00000000d7400000)
AC   0  F    TS     0 PTAMS 0x00000000d7400000 NTAMS 0x00000000d7400000 space 1024K,   0% used [0x00000000d7400000, 0x00000000d7500000)
AC   0  F    TS     0 PTAMS 0x00000000d7500000 NTAMS 0x00000000d7500000 space 1024K,   0% used [0x00000000d7500000, 0x00000000d7600000)
AC   0  F    TS     0 PTAMS 0x00000000d7600000 NTAMS 0x00000000d7600000 space 1024K,   0% used [0x00000000d7600000, 0x00000000d7700000)
AC   0  F    TS     0 PTAMS 0x00000000d7700000 NTAMS 0x00000000d7700000 space 1024K,   0% used [0x00000000d7700000, 0x00000000d7800000)
AC   0  F    TS     0 PTAMS 0x00000000d7800000 NTAMS 0x00000000d7800000 space 1024K,   0% used [0x00000000d7800000, 0x00000000d7900000)
AC   0  F    TS     0 PTAMS 0x00000000d7900000 NTAMS 0x00000000d7900000 space 1024K,   0% used [0x00000000d7900000, 0x00000000d7a00000)
AC   0  F    TS     0 PTAMS 0x00000000d7a00000 NTAMS 0x00000000d7a00000 space 1024K,   0% used [0x00000000d7a00000, 0x00000000d7b00000)
AC   0  F    TS     0 PTAMS 0x00000000d7b00000 NTAMS 0x00000000d7b00000 space 1024K,   0% used [0x00000000d7b00000, 0x00000000d7c00000)
AC   0  F    TS     0 PTAMS 0x00000000d7c00000 NTAMS 0x00000000d7c00000 space 1024K,   0% used [0x00000000d7c00000, 0x00000000d7d00000)
AC   0  F    TS     0 PTAMS 0x00000000d7d00000 NTAMS 0x00000000d7d00000 space 1024K,   0% used [0x00000000d7d00000, 0x00000000d7e00000)
AC   0  F    TS     0 PTAMS 0x00000000d7e00000 NTAMS 0x00000000d7e00000 space 1024K,   0% used [0x00000000d7e00000, 0x00000000d7f00000)
AC   0  F    TS     0 PTAMS 0x00000000d7f00000 NTAMS 0x00000000d7f00000 space 1024K,   0% used [0x00000000d7f00000, 0x00000000d8000000)
AC   0  F    TS     0 PTAMS 0x00000000d8000000 NTAMS 0x00000000d8000000 space 1024K,   0% used [0x00000000d8000000, 0x00000000d8100000)
AC   0  F    TS     0 PTAMS 0x00000000d8100000 NTAMS 0x00000000d8100000 space 1024K,   0% used [0x00000000d8100000, 0x00000000d8200000)
AC   0  F    TS     0 PTAMS 0x00000000d8200000 NTAMS 0x00000000d8200000 space 1024K,   0% used [0x00000000d8200000, 0x00000000d8300000)
AC   0  F    TS     0 PTAMS 0x00000000d8300000 NTAMS 0x00000000d8300000 space 1024K,   0% used [0x00000000d8300000, 0x00000000d8400000)
AC   0  F    TS     0 PTAMS 0x00000000d8400000 NTAMS 0x00000000d8400000 space 1024K,   0% used [0x00000000d8400000, 0x00000000d8500000)
AC   0  F    TS     0 PTAMS 0x00000000d8500000 NTAMS 0x00000000d8500000 space 1024K,   0% used [0x00000000d8500000, 0x00000000d8600000)
AC   0  F    TS     0 PTAMS 0x00000000d8600000 NTAMS 0x00000000d8600000 space 1024K,   0% used [0x00000000d8600000, 0x00000000d8700000)
AC   0  F    TS     0 PTAMS 0x00000000d8700000 NTAMS 0x00000000d8700000 space 1024K,   0% used [0x00000000d8700000, 0x00000000d8800000)
AC   0  F    TS     0 PTAMS 0x00000000d8800000 NTAMS 0x00000000d8800000 space 1024K,   0% used [0x00000000d8800000, 0x00000000d8900000)
AC   0  F    TS     0 PTAMS 0x00000000d8900000 NTAMS 0x00000000d8900000 space 1024K,   0% used [0x00000000d8900000, 0x00000000d8a00000)
AC   0  F    TS     0 PTAMS 0x00000000d8a00000 NTAMS 0x00000000d8a00000 space 1024K,   0% used [0x00000000d8a00000, 0x00000000d8b00000)
AC   0  F    TS     0 PTAMS 0x00000000d8b00000 NTAMS 0x00000000d8b00000 space 1024K,   0% used [0x00000000d8b00000, 0x00000000d8c00000)
AC   0  F    TS     0 PTAMS 0x00000000d8c00000 NTAMS 0x00000000d8c00000 space 1024K,   0% used [0x00000000d8c00000, 0x00000000d8d00000)
AC   0  F    TS     0 PTAMS 0x00000000d8d00000 NTAMS 0x00000000d8d00000 space 1024K,   0% used [0x00000000d8d00000, 0x00000000d8e00000)
AC   0  F    TS     0 PTAMS 0x00000000d8e00000 NTAMS 0x00000000d8e00000 space 1024K,   0% used [0x00000000d8e00000, 0x00000000d8f00000)
AC   0  F    TS     0 PTAMS 0x00000000d8f00000 NTAMS 0x00000000d8f00000 space 1024K,   0% used [0x00000000d8f00000, 0x00000000d9000000)
AC   0  F    TS     0 PTAMS 0x00000000d9000000 NTAMS 0x00000000d9000000 space 1024K,   0% used [0x00000000d9000000, 0x00000000d9100000)
AC   0  F    TS     0 PTAMS 0x00000000d9100000 NTAMS 0x00000000d9100000 space 1024K,   0% used [0x00000000d9100000, 0x00000000d9200000)
AC   0  F    TS     0 PTAMS 0x00000000d9200000 NTAMS 0x00000000d9200000 space 1024K,   0% used [0x00000000d9200000, 0x00000000d9300000)
AC   0  F    TS     0 PTAMS 0x00000000d9300000 NTAMS 0x00000000d9300000 space 1024K,   0% used [0x00000000d9300000, 0x00000000d9400000)
AC   0  F    TS     0 PTAMS 0x00000000d9400000 NTAMS 0x00000000d9400000 space 1024K,   0% used [0x00000000d9400000, 0x00000000d9500000)
AC   0  F    TS     0 PTAMS 0x00000000d9500000 NTAMS 0x00000000d9500000 space 1024K,   0% used [0x00000000d9500000, 0x00000000d9600000)
AC   0  F    TS     0 PTAMS 0x00000000d9600000 NTAMS 0x00000000d9600000 space 1024K,   0% used [0x00000000d9600000, 0x00000000d9700000)
AC   0  F    TS     0 PTAMS 0x00000000d9700000 NTAMS 0x00000000d9700000 space 1024K,   0% used [0x00000000d9700000, 0x00000000d9800000)
AC   0  F    TS     0 PTAMS 0x00000000d9800000 NTAMS 0x00000000d9800000 space 1024K,   0% used [0x00000000d9800000, 0x00000000d9900000)
AC   0  F    TS     0 PTAMS 0x00000000d9900000 NTAMS 0x00000000d9900000 space 1024K,   0% used [0x00000000d9900000, 0x00000000d9a00000)
AC   0  F    TS     0 PTAMS 0x00000000d9a00000 NTAMS 0x00000000d9a00000 space 1024K,   0% used [0x00000000d9a00000, 0x00000000d9b00000)
AC   0  F    TS     0 PTAMS 0x00000000d9b00000 NTAMS 0x00000000d9b00000 space 1024K,   0% used [0x00000000d9b00000, 0x00000000d9c00000)
AC   0  F    TS     0 PTAMS 0x00000000d9c00000 NTAMS 0x00000000d9c00000 space 1024K,   0% used [0x00000000d9c00000, 0x00000000d9d00000)
AC   0  F    TS     0 PTAMS 0x00000000d9d00000 NTAMS 0x00000000d9d00000 space 1024K,   0% used [0x00000000d9d00000, 0x00000000d9e00000)
AC   0  F    TS     0 PTAMS 0x00000000d9e00000 NTAMS 0x00000000d9e00000 space 1024K,   0% used [0x00000000d9e00000, 0x00000000d9f00000)
AC   0  F    TS     0 PTAMS 0x00000000d9f00000 NTAMS 0x00000000d9f00000 space 1024K,   0% used [0x00000000d9f00000, 0x00000000da000000)
AC   0  F    TS     0 PTAMS 0x00000000da000000 NTAMS 0x00000000da000000 space 1024K,   0% used [0x00000000da000000, 0x00000000da100000)
AC   0  F    TS     0 PTAMS 0x00000000da100000 NTAMS 0x00000000da100000 space 1024K,   0% used [0x00000000da100000, 0x00000000da200000)
AC   0  F    TS     0 PTAMS 0x00000000da200000 NTAMS 0x00000000da200000 space 1024K,   0% used [0x00000000da200000, 0x00000000da300000)
AC   0  F    TS     0 PTAMS 0x00000000da300000 NTAMS 0x00000000da300000 space 1024K,   0% used [0x00000000da300000, 0x00000000da400000)
AC   0  F    TS     0 PTAMS 0x00000000da400000 NTAMS 0x00000000da400000 space 1024K,   0% used [0x00000000da400000, 0x00000000da500000)
AC   0  F    TS     0 PTAMS 0x00000000da500000 NTAMS 0x00000000da500000 space 1024K,   0% used [0x00000000da500000, 0x00000000da600000)
AC   0  F    TS     0 PTAMS 0x00000000da600000 NTAMS 0x00000000da600000 space 1024K,   0% used [0x00000000da600000, 0x00000000da700000)
AC   0  F    TS     0 PTAMS 0x00000000da700000 NTAMS 0x00000000da700000 space 1024K,   0% used [0x00000000da700000, 0x00000000da800000)
AC   0  F    TS     0 PTAMS 0x00000000da800000 NTAMS 0x00000000da800000 space 1024K,   0% used [0x00000000da800000, 0x00000000da900000)
AC   0  F    TS     0 PTAMS 0x00000000da900000 NTAMS 0x00000000da900000 space 1024K,   0% used [0x00000000da900000, 0x00000000daa00000)
AC   0  F    TS     0 PTAMS 0x00000000daa00000 NTAMS 0x00000000daa00000 space 1024K,   0% used [0x00000000daa00000, 0x00000000dab00000)
AC   0  F    TS     0 PTAMS 0x00000000dab00000 NTAMS 0x00000000dab00000 space 1024K,   0% used [0x00000000dab00000, 0x00000000dac00000)
AC   0  F    TS     0 PTAMS 0x00000000dac00000 NTAMS 0x00000000dac00000 space 1024K,   0% used [0x00000000dac00000, 0x00000000dad00000)
AC   0  F    TS     0 PTAMS 0x00000000dad00000 NTAMS 0x00000000dad00000 space 1024K,   0% used [0x00000000dad00000, 0x00000000dae00000)
AC   0  F    TS     0 PTAMS 0x00000000dae00000 NTAMS 0x00000000dae00000 space 1024K,   0% used [0x00000000dae00000, 0x00000000daf00000)
AC   0  F    TS     0 PTAMS 0x00000000daf00000 NTAMS 0x00000000daf00000 space 1024K,   0% used [0x00000000daf00000, 0x00000000db000000)
AC   0  F    TS     0 PTAMS 0x00000000db000000 NTAMS 0x00000000db000000 space 1024K,   0% used [0x00000000db000000, 0x00000000db100000)
AC   0  F    TS     0 PTAMS 0x00000000db100000 NTAMS 0x00000000db100000 space 1024K,   0% used [0x00000000db100000, 0x00000000db200000)
AC   0  F    TS     0 PTAMS 0x00000000db200000 NTAMS 0x00000000db200000 space 1024K,   0% used [0x00000000db200000, 0x00000000db300000)
AC   0  F    TS     0 PTAMS 0x00000000db300000 NTAMS 0x00000000db300000 space 1024K,   0% used [0x00000000db300000, 0x00000000db400000)
AC   0  F    TS     0 PTAMS 0x00000000db400000 NTAMS 0x00000000db400000 space 1024K,   0% used [0x00000000db400000, 0x00000000db500000)
AC   0  F    TS     0 PTAMS 0x00000000db500000 NTAMS 0x00000000db500000 space 1024K,   0% used [0x00000000db500000, 0x00000000db600000)
AC   0  F    TS     0 PTAMS 0x00000000db600000 NTAMS 0x00000000db600000 space 1024K,   0% used [0x00000000db600000, 0x00000000db700000)
AC   0  F    TS     0 PTAMS 0x00000000db700000 NTAMS 0x00000000db700000 space 1024K,   0% used [0x00000000db700000, 0x00000000db800000)
AC   0  F    TS     0 PTAMS 0x00000000db800000 NTAMS 0x00000000db800000 space 1024K,   0% used [0x00000000db800000, 0x00000000db900000)
AC   0  F    TS     0 PTAMS 0x00000000db900000 NTAMS 0x00000000db900000 space 1024K,   0% used [0x00000000db900000, 0x00000000dba00000)
AC   0  F    TS     0 PTAMS 0x00000000dba00000 NTAMS 0x00000000dba00000 space 1024K,   0% used [0x00000000dba00000, 0x00000000dbb00000)
AC   0  F    TS     0 PTAMS 0x00000000dbb00000 NTAMS 0x00000000dbb00000 space 1024K,   0% used [0x00000000dbb00000, 0x00000000dbc00000)
AC   0  F    TS     0 PTAMS 0x00000000dbc00000 NTAMS 0x00000000dbc00000 space 1024K,   0% used [0x00000000dbc00000, 0x00000000dbd00000)
AC   0  F    TS     0 PTAMS 0x00000000dbd00000 NTAMS 0x00000000dbd00000 space 1024K,   0% used [0x00000000dbd00000, 0x00000000dbe00000)
AC   0  F    TS     0 PTAMS 0x00000000dbe00000 NTAMS 0x00000000dbe00000 space 1024K,   0% used [0x00000000dbe00000, 0x00000000dbf00000)
AC   0  F    TS     0 PTAMS 0x00000000dbf00000 NTAMS 0x00000000dbf00000 space 1024K,   0% used [0x00000000dbf00000, 0x00000000dc000000)
AC   0  F    TS     0 PTAMS 0x00000000dc000000 NTAMS 0x00000000dc000000 space 1024K,   0% used [0x00000000dc000000, 0x00000000dc100000)
AC   0  F    TS     0 PTAMS 0x00000000dc100000 NTAMS 0x00000000dc100000 space 1024K,   0% used [0x00000000dc100000, 0x00000000dc200000)
AC   0  F    TS     0 PTAMS 0x00000000dc200000 NTAMS 0x00000000dc200000 space 1024K,   0% used [0x00000000dc200000, 0x00000000dc300000)
AC   0  F    TS     0 PTAMS 0x00000000dc300000 NTAMS 0x00000000dc300000 space 1024K,   0% used [0x00000000dc300000, 0x00000000dc400000)
AC   0  F    TS     0 PTAMS 0x00000000dc400000 NTAMS 0x00000000dc400000 space 1024K,   0% used [0x00000000dc400000, 0x00000000dc500000)
AC   0  F    TS     0 PTAMS 0x00000000dc500000 NTAMS 0x00000000dc500000 space 1024K,   0% used [0x00000000dc500000, 0x00000000dc600000)
AC   0  F    TS     0 PTAMS 0x00000000dc600000 NTAMS 0x00000000dc600000 space 1024K,   0% used [0x00000000dc600000, 0x00000000dc700000)
AC   0  F    TS     0 PTAMS 0x00000000dc700000 NTAMS 0x00000000dc700000 space 1024K,   0% used [0x00000000dc700000, 0x00000000dc800000)
AC   0  F    TS     0 PTAMS 0x00000000dc800000 NTAMS 0x00000000dc800000 space 1024K,   0% used [0x00000000dc800000, 0x00000000dc900000)
AC   0  F    TS     0 PTAMS 0x00000000dc900000 NTAMS 0x00000000dc900000 space 1024K,   0% used [0x00000000dc900000, 0x00000000dca00000)
AC   0  F    TS     0 PTAMS 0x00000000dca00000 NTAMS 0x00000000dca00000 space 1024K,   0% used [0x00000000dca00000, 0x00000000dcb00000)
AC   0  F    TS     0 PTAMS 0x00000000dcb00000 NTAMS 0x00000000dcb00000 space 1024K,   0% used [0x00000000dcb00000, 0x00000000dcc00000)
AC   0  F    TS     0 PTAMS 0x00000000dcc00000 NTAMS 0x00000000dcc00000 space 1024K,   0% used [0x00000000dcc00000, 0x00000000dcd00000)
AC   0  F    TS     0 PTAMS 0x00000000dcd00000 NTAMS 0x00000000dcd00000 space 1024K,   0% used [0x00000000dcd00000, 0x00000000dce00000)
AC   0  F    TS     0 PTAMS 0x00000000dce00000 NTAMS 0x00000000dce00000 space 1024K,   0% used [0x00000000dce00000, 0x00000000dcf00000)
AC   0  F    TS     0 PTAMS 0x00000000dcf00000 NTAMS 0x00000000dcf00000 space 1024K,   0% used [0x00000000dcf00000, 0x00000000dd000000)
AC   0  F    TS     0 PTAMS 0x00000000dd000000 NTAMS 0x00000000dd000000 space 1024K,   0% used [0x00000000dd000000, 0x00000000dd100000)
AC   0  F    TS     0 PTAMS 0x00000000dd100000 NTAMS 0x00000000dd100000 space 1024K,   0% used [0x00000000dd100000, 0x00000000dd200000)
AC   0  F    TS     0 PTAMS 0x00000000dd200000 NTAMS 0x00000000dd200000 space 1024K,   0% used [0x00000000dd200000, 0x00000000dd300000)
AC   0  F    TS     0 PTAMS 0x00000000dd300000 NTAMS 0x00000000dd300000 space 1024K,   0% used [0x00000000dd300000, 0x00000000dd400000)
AC   0  F    TS     0 PTAMS 0x00000000dd400000 NTAMS 0x00000000dd400000 space 1024K,   0% used [0x00000000dd400000, 0x00000000dd500000)
AC   0  F    TS     0 PTAMS 0x00000000dd500000 NTAMS 0x00000000dd500000 space 1024K,   0% used [0x00000000dd500000, 0x00000000dd600000)
AC   0  F    TS     0 PTAMS 0x00000000dd600000 NTAMS 0x00000000dd600000 space 1024K,   0% used [0x00000000dd600000, 0x00000000dd700000)
AC   0  F    TS     0 PTAMS 0x00000000dd700000 NTAMS 0x00000000dd700000 space 1024K,   0% used [0x00000000dd700000, 0x00000000dd800000)
AC   0  F    TS     0 PTAMS 0x00000000dd800000 NTAMS 0x00000000dd800000 space 1024K,   0% used [0x00000000dd800000, 0x00000000dd900000)
AC   0  F    TS     0 PTAMS 0x00000000dd900000 NTAMS 0x00000000dd900000 space 1024K,   0% used [0x00000000dd900000, 0x00000000dda00000)
AC   0  F    TS     0 PTAMS 0x00000000dda00000 NTAMS 0x00000000dda00000 space 1024K,   0% used [0x00000000dda00000, 0x00000000ddb00000)
AC   0  F    TS     0 PTAMS 0x00000000ddb00000 NTAMS 0x00000000ddb00000 space 1024K,   0% used [0x00000000ddb00000, 0x00000000ddc00000)
AC   0  F    TS     0 PTAMS 0x00000000ddc00000 NTAMS 0x00000000ddc00000 space 1024K,   0% used [0x00000000ddc00000, 0x00000000ddd00000)
AC   0  F    TS     0 PTAMS 0x00000000ddd00000 NTAMS 0x00000000ddd00000 space 1024K,   0% used [0x00000000ddd00000, 0x00000000dde00000)
AC   0  F    TS     0 PTAMS 0x00000000dde00000 NTAMS 0x00000000dde00000 space 1024K,   0% used [0x00000000dde00000, 0x00000000ddf00000)
AC   0  F    TS     0 PTAMS 0x00000000ddf00000 NTAMS 0x00000000ddf00000 space 1024K,   0% used [0x00000000ddf00000, 0x00000000de000000)
AC   0  F    TS     0 PTAMS 0x00000000de000000 NTAMS 0x00000000de000000 space 1024K,   0% used [0x00000000de000000, 0x00000000de100000)
AC   0  F    TS     0 PTAMS 0x00000000de100000 NTAMS 0x00000000de100000 space 1024K,   0% used [0x00000000de100000, 0x00000000de200000)
AC   0  F    TS     0 PTAMS 0x00000000de200000 NTAMS 0x00000000de200000 space 1024K,   0% used [0x00000000de200000, 0x00000000de300000)
AC   0  F    TS     0 PTAMS 0x00000000de300000 NTAMS 0x00000000de300000 space 1024K,   0% used [0x00000000de300000, 0x00000000de400000)
AC   0  F    TS     0 PTAMS 0x00000000de400000 NTAMS 0x00000000de400000 space 1024K,   0% used [0x00000000de400000, 0x00000000de500000)
AC   0  F    TS     0 PTAMS 0x00000000de500000 NTAMS 0x00000000de500000 space 1024K,   0% used [0x00000000de500000, 0x00000000de600000)
AC   0  F    TS     0 PTAMS 0x00000000de600000 NTAMS 0x00000000de600000 space 1024K,   0% used [0x00000000de600000, 0x00000000de700000)
AC   0  F    TS     0 PTAMS 0x00000000de700000 NTAMS 0x00000000de700000 space 1024K,   0% used [0x00000000de700000, 0x00000000de800000)
AC   0  F    TS     0 PTAMS 0x00000000de800000 NTAMS 0x00000000de800000 space 1024K,   0% used [0x00000000de800000, 0x00000000de900000)
AC   0  F    TS     0 PTAMS 0x00000000de900000 NTAMS 0x00000000de900000 space 1024K,   0% used [0x00000000de900000, 0x00000000dea00000)
AC   0  F    TS     0 PTAMS 0x00000000dea00000 NTAMS 0x00000000dea00000 space 1024K,   0% used [0x00000000dea00000, 0x00000000deb00000)
AC   0  F    TS     0 PTAMS 0x00000000deb00000 NTAMS 0x00000000deb00000 space 1024K,   0% used [0x00000000deb00000, 0x00000000dec00000)
AC   0  F    TS     0 PTAMS 0x00000000dec00000 NTAMS 0x00000000dec00000 space 1024K,   0% used [0x00000000dec00000, 0x00000000ded00000)
AC   0  F    TS     0 PTAMS 0x00000000ded00000 NTAMS 0x00000000ded00000 space 1024K,   0% used [0x00000000ded00000, 0x00000000dee00000)
AC   0  F    TS     0 PTAMS 0x00000000dee00000 NTAMS 0x00000000dee00000 space 1024K,   0% used [0x00000000dee00000, 0x00000000def00000)
AC   0  F    TS     0 PTAMS 0x00000000def00000 NTAMS 0x00000000def00000 space 1024K,   0% used [0x00000000def00000, 0x00000000df000000)
AC   0  F    TS     0 PTAMS 0x00000000df000000 NTAMS 0x00000000df000000 space 1024K,   0% used [0x00000000df000000, 0x00000000df100000)
AC   0  F    TS     0 PTAMS 0x00000000df100000 NTAMS 0x00000000df100000 space 1024K,   0% used [0x00000000df100000, 0x00000000df200000)
AC   0  F    TS     0 PTAMS 0x00000000df200000 NTAMS 0x00000000df200000 space 1024K,   0% used [0x00000000df200000, 0x00000000df300000)
AC   0  E    TS     0 PTAMS 0x00000000df300000 NTAMS 0x00000000df300000 space 1024K, 100% used [0x00000000df300000, 0x00000000df400000)
AC   0  E CS TS     0 PTAMS 0x00000000df400000 NTAMS 0x00000000df400000 space 1024K, 100% used [0x00000000df400000, 0x00000000df500000)
AC   0  E CS TS     0 PTAMS 0x00000000df500000 NTAMS 0x00000000df500000 space 1024K, 100% used [0x00000000df500000, 0x00000000df600000)
AC   0  E CS TS     0 PTAMS 0x00000000df600000 NTAMS 0x00000000df600000 space 1024K, 100% used [0x00000000df600000, 0x00000000df700000)
AC   0  E CS TS     0 PTAMS 0x00000000df700000 NTAMS 0x00000000df700000 space 1024K, 100% used [0x00000000df700000, 0x00000000df800000)
AC   0  E CS TS     0 PTAMS 0x00000000df800000 NTAMS 0x00000000df800000 space 1024K, 100% used [0x00000000df800000, 0x00000000df900000)
AC   0  E CS TS     0 PTAMS 0x00000000df900000 NTAMS 0x00000000df900000 space 1024K, 100% used [0x00000000df900000, 0x00000000dfa00000)
AC   0  E CS TS     0 PTAMS 0x00000000dfa00000 NTAMS 0x00000000dfa00000 space 1024K, 100% used [0x00000000dfa00000, 0x00000000dfb00000)
AC   0  E CS TS     0 PTAMS 0x00000000dfb00000 NTAMS 0x00000000dfb00000 space 1024K, 100% used [0x00000000dfb00000, 0x00000000dfc00000)
AC   0  E CS TS     0 PTAMS 0x00000000dfc00000 NTAMS 0x00000000dfc00000 space 1024K, 100% used [0x00000000dfc00000, 0x00000000dfd00000)
AC   0  E CS TS     0 PTAMS 0x00000000dfd00000 NTAMS 0x00000000dfd00000 space 1024K, 100% used [0x00000000dfd00000, 0x00000000dfe00000)
AC   0  E CS TS     0 PTAMS 0x00000000dfe00000 NTAMS 0x00000000dfe00000 space 1024K, 100% used [0x00000000dfe00000, 0x00000000dff00000)
AC   0  E CS TS     0 PTAMS 0x00000000dff00000 NTAMS 0x00000000dff00000 space 1024K, 100% used [0x00000000dff00000, 0x00000000e0000000)

Card table byte_map: [0x0000000013fe0000,0x00000000141e0000] byte_map_base: 0x00000000139e0000

Marking Bits (Prev, Next): (CMBitMap*) 0x0000000002df7628, (CMBitMap*) 0x0000000002df7680
 Prev Bits: [0x00000000143e0000, 0x00000000153e0000)
 Next Bits: [0x00000000153e0000, 0x00000000163e0000)

Polling page: 0x00000000005f0000

CodeCache: size=245760Kb used=2064Kb max_used=2064Kb free=243695Kb
 bounds [0x0000000002ea0000, 0x0000000003110000, 0x0000000011ea0000]
 total_blobs=746 nmethods=433 adapters=226
 compilation: enabled

Compilation events (10 events):
Event: 1.961 Thread 0x0000000019551000  427   !   3       java.util.zip.Inflater::ended (32 bytes)
Event: 1.961 Thread 0x0000000019551000 nmethod 427 0x00000000030a3610 code [0x00000000030a3780, 0x00000000030a3b50]
Event: 1.962 Thread 0x0000000019551000  428       1       java.lang.reflect.Field::getModifiers (5 bytes)
Event: 1.963 Thread 0x0000000019551000 nmethod 428 0x00000000030a4050 code [0x00000000030a41a0, 0x00000000030a42b0]
Event: 1.963 Thread 0x0000000019551000  430       3       sun.reflect.Reflection::quickCheckMemberAccess (10 bytes)
Event: 1.963 Thread 0x0000000019551000 nmethod 430 0x00000000030a4310 code [0x00000000030a4480, 0x00000000030a46a8]
Event: 1.963 Thread 0x0000000019551000  431       1       java.lang.reflect.Field::getType (5 bytes)
Event: 1.963 Thread 0x0000000019551000 nmethod 431 0x00000000030a4750 code [0x00000000030a48a0, 0x00000000030a49b0]
Event: 1.964 Thread 0x0000000019551000  433       3       java.lang.String::<init> (15 bytes)
Event: 1.965 Thread 0x0000000019551000 nmethod 433 0x00000000030a4dd0 code [0x00000000030a4f60, 0x00000000030a5388]

GC Heap History (0 events):
No events

Deoptimization events (3 events):
Event: 1.749 Thread 0x0000000000ebe000 Uncommon trap: reason=unstable_if action=reinterpret pc=0x0000000003068ffc method=java.util.HashMap.hash(Ljava/lang/Object;)I @ 1
Event: 1.755 Thread 0x0000000000ebe000 Uncommon trap: reason=unstable_if action=reinterpret pc=0x00000000030556a8 method=java.util.HashMap.hash(Ljava/lang/Object;)I @ 1
Event: 1.758 Thread 0x0000000000ebe000 Uncommon trap: reason=unstable_if action=reinterpret pc=0x00000000030528d8 method=java.util.HashMap.hash(Ljava/lang/Object;)I @ 1

Classes redefined (0 events):
No events

Internal exceptions (10 events):
Event: 1.610 Thread 0x0000000000ebe000 Exception <a 'java/lang/ClassNotFoundException': sun/net/www/protocol/c/Handler> (0x00000000df50f5e0) thrown at [C:\re\workspace\8-2-build-windows-amd64-cygwin\jdk8u152\9742\hotspot\src\share\vm\classfile\systemDictionary.cpp, line 210]
Event: 1.611 Thread 0x0000000000ebe000 Exception <a 'java/lang/ClassNotFoundException': sun/net/www/protocol/g/Handler> (0x00000000df510ee8) thrown at [C:\re\workspace\8-2-build-windows-amd64-cygwin\jdk8u152\9742\hotspot\src\share\vm\classfile\systemDictionary.cpp, line 210]
Event: 1.612 Thread 0x0000000000ebe000 Exception <a 'java/lang/ClassNotFoundException': sun/net/www/protocol/c/Handler> (0x00000000df512668) thrown at [C:\re\workspace\8-2-build-windows-amd64-cygwin\jdk8u152\9742\hotspot\src\share\vm\classfile\systemDictionary.cpp, line 210]
Event: 1.633 Thread 0x0000000000ebe000 Exception <a 'java/io/FileNotFoundException'> (0x00000000df53b320) thrown at [C:\re\workspace\8-2-build-windows-amd64-cygwin\jdk8u152\9742\hotspot\src\share\vm\prims\jni.cpp, line 709]
Event: 1.749 Thread 0x0000000000ebe000 Implicit null exception at 0x0000000003068dd5 to 0x0000000003068fed
Event: 1.755 Thread 0x0000000000ebe000 Implicit null exception at 0x000000000305562f to 0x0000000003055699
Event: 1.758 Thread 0x0000000000ebe000 Implicit null exception at 0x0000000003051c1e to 0x00000000030528bd
Event: 1.937 Thread 0x0000000000ebe000 Exception <a 'java/lang/IncompatibleClassChangeError'> (0x00000000df37dbe0) thrown at [C:\re\workspace\8-2-build-windows-amd64-cygwin\jdk8u152\9742\hotspot\src\share\vm\interpreter\interpreterRuntime.cpp, line 534]
Event: 1.937 Thread 0x0000000000ebe000 Exception <a 'java/lang/IncompatibleClassChangeError'> (0x00000000df37dbe0) thrown at [C:\re\workspace\8-2-build-windows-amd64-cygwin\jdk8u152\9742\hotspot\src\share\vm\prims\jvm.cpp, line 1394]
Event: 1.940 Thread 0x0000000000ebe000 Exception <a 'java/lang/UnsatisfiedLinkError': org.eclipse.equinox.launcher.JNIBridge._takedown_splash()V> (0x00000000df381cb8) thrown at [C:\re\workspace\8-2-build-windows-amd64-cygwin\jdk8u152\9742\hotspot\src\share\vm\prims\nativeLookup.cpp, line 378]

Events (10 events):
Event: 1.961 loading class sun/reflect/UnsafeFieldAccessorFactory
Event: 1.961 loading class sun/reflect/UnsafeFieldAccessorFactory done
Event: 1.961 loading class sun/reflect/UnsafeStaticObjectFieldAccessorImpl
Event: 1.961 loading class sun/reflect/UnsafeStaticObjectFieldAccessorImpl done
Event: 1.964 loading class java/lang/Throwable$WrappedPrintStream
Event: 1.965 loading class java/lang/Throwable$PrintStreamOrWriter
Event: 1.965 loading class java/lang/Throwable$PrintStreamOrWriter done
Event: 1.965 loading class java/lang/Throwable$WrappedPrintStream done
Event: 1.965 loading class java/util/IdentityHashMap$KeySet
Event: 1.965 loading class java/util/IdentityHashMap$KeySet done


Dynamic libraries:
0x00007ff7f3aa0000 - 0x00007ff7f3ad7000 	C:\Java\jdk1.8.0_152\bin\java.exe
0x00007ffe52160000 - 0x00007ffe52341000 	C:\WINDOWS\SYSTEM32\ntdll.dll
0x00007ffe51980000 - 0x00007ffe51a32000 	C:\WINDOWS\System32\KERNEL32.DLL
0x00007ffe4e590000 - 0x00007ffe4e803000 	C:\WINDOWS\System32\KERNELBASE.dll
0x00007ffe4f5f0000 - 0x00007ffe4f691000 	C:\WINDOWS\System32\ADVAPI32.dll
0x00007ffe52060000 - 0x00007ffe520fe000 	C:\WINDOWS\System32\msvcrt.dll
0x00007ffe51880000 - 0x00007ffe518db000 	C:\WINDOWS\System32\sechost.dll
0x00007ffe51ea0000 - 0x00007ffe51fc4000 	C:\WINDOWS\System32\RPCRT4.dll
0x00007ffe51490000 - 0x00007ffe51620000 	C:\WINDOWS\System32\USER32.dll
0x00007ffe4f120000 - 0x00007ffe4f140000 	C:\WINDOWS\System32\win32u.dll
0x00007ffe51fd0000 - 0x00007ffe51ff8000 	C:\WINDOWS\System32\GDI32.dll
0x00007ffe4f260000 - 0x00007ffe4f3f2000 	C:\WINDOWS\System32\gdi32full.dll
0x00007ffe4f140000 - 0x00007ffe4f1df000 	C:\WINDOWS\System32\msvcp_win.dll
0x00007ffe4f020000 - 0x00007ffe4f11a000 	C:\WINDOWS\System32\ucrtbase.dll
0x00007ffe43240000 - 0x00007ffe434a9000 	C:\WINDOWS\WinSxS\amd64_microsoft.windows.common-controls_6595b64144ccf1df_6.0.17134.523_none_fb409dd930672a56\COMCTL32.dll
0x00007ffe4fd20000 - 0x00007ffe50042000 	C:\WINDOWS\System32\combase.dll
0x00007ffe4f1e0000 - 0x00007ffe4f25a000 	C:\WINDOWS\System32\bcryptPrimitives.dll
0x00007ffe52100000 - 0x00007ffe5212d000 	C:\WINDOWS\System32\IMM32.DLL
0x0000000072e00000 - 0x0000000072ed2000 	C:\Java\jdk1.8.0_152\jre\bin\msvcr100.dll
0x0000000072560000 - 0x0000000072e00000 	C:\Java\jdk1.8.0_152\jre\bin\server\jvm.dll
0x00007ffe4f6a0000 - 0x00007ffe4f6a8000 	C:\WINDOWS\System32\PSAPI.DLL
0x00007ffe45d30000 - 0x00007ffe45d39000 	C:\WINDOWS\SYSTEM32\WSOCK32.dll
0x00007ffe482f0000 - 0x00007ffe482fa000 	C:\WINDOWS\SYSTEM32\VERSION.dll
0x00007ffe4a950000 - 0x00007ffe4a973000 	C:\WINDOWS\SYSTEM32\WINMM.dll
0x00007ffe51a50000 - 0x00007ffe51abc000 	C:\WINDOWS\System32\WS2_32.dll
0x00007ffe4a920000 - 0x00007ffe4a94a000 	C:\WINDOWS\SYSTEM32\winmmbase.dll
0x00007ffe4e8c0000 - 0x00007ffe4e909000 	C:\WINDOWS\System32\cfgmgr32.dll
0x0000000072550000 - 0x000000007255f000 	C:\Java\jdk1.8.0_152\jre\bin\verify.dll
0x0000000072520000 - 0x0000000072549000 	C:\Java\jdk1.8.0_152\jre\bin\java.dll
0x0000000072500000 - 0x0000000072516000 	C:\Java\jdk1.8.0_152\jre\bin\zip.dll
0x00007ffe50050000 - 0x00007ffe51490000 	C:\WINDOWS\System32\SHELL32.dll
0x00007ffe51ad0000 - 0x00007ffe51b79000 	C:\WINDOWS\System32\shcore.dll
0x00007ffe4e910000 - 0x00007ffe4f01d000 	C:\WINDOWS\System32\windows.storage.dll
0x00007ffe51620000 - 0x00007ffe51671000 	C:\WINDOWS\System32\shlwapi.dll
0x00007ffe4e4c0000 - 0x00007ffe4e4d1000 	C:\WINDOWS\System32\kernel.appcore.dll
0x00007ffe4e4e0000 - 0x00007ffe4e4ff000 	C:\WINDOWS\System32\profapi.dll
0x00007ffe4e470000 - 0x00007ffe4e4bc000 	C:\WINDOWS\System32\powrprof.dll
0x00007ffe4e520000 - 0x00007ffe4e52a000 	C:\WINDOWS\System32\FLTLIB.DLL
0x00007ffe4e190000 - 0x00007ffe4e1a7000 	C:\WINDOWS\SYSTEM32\CRYPTSP.dll
0x00007ffe4d570000 - 0x00007ffe4d5a3000 	C:\WINDOWS\system32\rsaenh.dll
0x00007ffe4df90000 - 0x00007ffe4dfb5000 	C:\WINDOWS\SYSTEM32\bcrypt.dll
0x00007ffe4e3a0000 - 0x00007ffe4e3c8000 	C:\WINDOWS\SYSTEM32\USERENV.dll
0x00007ffe4db40000 - 0x00007ffe4db4b000 	C:\WINDOWS\SYSTEM32\CRYPTBASE.dll
0x00000000724e0000 - 0x00000000724fa000 	C:\Java\jdk1.8.0_152\jre\bin\net.dll
0x00007ffe4d990000 - 0x00007ffe4d9f6000 	C:\WINDOWS\system32\mswsock.dll
0x00007ffe4d710000 - 0x00007ffe4d748000 	C:\WINDOWS\SYSTEM32\IPHLPAPI.DLL
0x00007ffe51a40000 - 0x00007ffe51a48000 	C:\WINDOWS\System32\NSI.dll
0x00007ffe476a0000 - 0x00007ffe476b6000 	C:\WINDOWS\SYSTEM32\dhcpcsvc6.DLL
0x00007ffe47aa0000 - 0x00007ffe47aba000 	C:\WINDOWS\SYSTEM32\dhcpcsvc.DLL
0x00000000724c0000 - 0x00000000724d1000 	C:\Java\jdk1.8.0_152\jre\bin\nio.dll
0x00007ffe41450000 - 0x00007ffe41479000 	C:\Users\darkp\.vscode\extensions\redhat.java-0.37.0\server\config_win\org.eclipse.equinox.launcher\org.eclipse.equinox.launcher.win32.win32.x86_64_1.1.900.v20180922-1751\eclipse_1801.dll
0x00007ffe4dfc0000 - 0x00007ffe4e189000 	C:\WINDOWS\SYSTEM32\dbghelp.dll

VM Arguments:
jvm_args: -Declipse.application=org.eclipse.jdt.ls.core.id1 -Dosgi.bundles.defaultStartLevel=4 -Declipse.product=org.eclipse.jdt.ls.core.product -Xverify:none -Xmx1G -XX:+UseG1GC -XX:+UseStringDeduplication 
java_command: C:\Users\darkp\.vscode\extensions\redhat.java-0.37.0\server\plugins\org.eclipse.equinox.launcher_1.5.200.v20180922-1751.jar -configuration C:\Users\darkp\.vscode\extensions\redhat.java-0.37.0\server\config_win -data c:\Users\darkp\AppData\Roaming\Code\User\workspaceStorage\c5d2c4a952483b82c63d676317e53107\redhat.java\jdt_ws
java_class_path (initial): C:\Users\darkp\.vscode\extensions\redhat.java-0.37.0\server\plugins\org.eclipse.equinox.launcher_1.5.200.v20180922-1751.jar
Launcher Type: SUN_STANDARD

Environment Variables:
JAVA_HOME=C:\Java\jdk1.8.0_152
CLASSPATH=C:\Java\jdk1.8.0_152\lib
PATH=C:\WINDOWS\system32;C:\WINDOWS;C:\WINDOWS\System32\Wbem;C:\WINDOWS\System32\WindowsPowerShell\v1.0\;C:\WINDOWS\System32\OpenSSH\;C:\Program Files\Git\cmd;C:\Java\jdk1.8.0_152\bin;C:\Go\bin;C:\Users\darkp\AppData\Local\Microsoft\WindowsApps;C:\Program Files\JetBrains\GoLand 2018.3.2\bin;;C:\Go\bin;C:\Users\darkp\go\bin;C:\Users\darkp\AppData\Local\Programs\Microsoft VS Code\bin;C:\Program Files\Bandizip\
USERNAME=darkp
OS=Windows_NT
PROCESSOR_IDENTIFIER=Intel64 Family 6 Model 94 Stepping 3, GenuineIntel



---------------  S Y S T E M  ---------------

OS: Windows 10.0 , 64 bit Build 17134 (10.0.17134.1)

CPU:total 8 (initial active 8) (4 cores per cpu, 2 threads per core) family 6 model 94 stepping 3, cmov, cx8, fxsr, mmx, sse, sse2, sse3, ssse3, sse4.1, sse4.2, popcnt, avx, avx2, aes, clmul, erms, rtm, 3dnowpref, lzcnt, ht, tsc, tscinvbit, bmi1, bmi2, adx

Memory: 4k page, physical 33504268k(25160492k free), swap 75185164k(64980396k free)

vm_info: Java HotSpot(TM) 64-Bit Server VM (25.152-b16) for windows-amd64 JRE (1.8.0_152-b16), built on Sep 14 2017 02:29:36 by "java_re" with MS VC++ 10.0 (VS2010)

time: Sun Jan 20 15:43:05 2019
elapsed time: 2 seconds (0d 0h 0m 2s)

